[0.034s] Invoking command in '/home/pkotta/ros2_ws/src/ros-task/build/limo_simulation': CMAKE_PREFIX_PATH=/opt/ros/humble /usr/bin/cmake /home/pkotta/ros2_ws/src/ros-task/workspace/limo_simulation -DCMAKE_INSTALL_PREFIX=/home/pkotta/ros2_ws/src/ros-task/install/limo_simulation
[0.455s] -- The C compiler identification is GNU 11.4.0
[1.232s] -- The CXX compiler identification is GNU 11.4.0
[1.527s] -- Detecting C compiler ABI info
[1.662s] -- Detecting C compiler ABI info - done
[1.671s] -- Check for working C compiler: /usr/bin/cc - skipped
[1.672s] -- Detecting C compile features
[1.673s] -- Detecting C compile features - done
[1.679s] -- Detecting CXX compiler ABI info
[1.850s] -- Detecting CXX compiler ABI info - done
[1.863s] -- Check for working CXX compiler: /usr/bin/c++ - skipped
[1.864s] -- Detecting CXX compile features
[1.865s] -- Detecting CXX compile features - done
[1.879s] -- Found ament_cmake: 1.3.11 (/opt/ros/humble/share/ament_cmake/cmake)
[2.084s] -- Found Python3: /usr/bin/python3 (found version "3.10.12") found components: Interpreter 
[2.238s] -- Found urdf: 2.6.1 (/opt/ros/humble/share/urdf/cmake)
[4.211s] -- Configuring done
[4.216s] -- Generating done
[4.218s] -- Build files have been written to: /home/pkotta/ros2_ws/src/ros-task/build/limo_simulation
[4.231s] Invoked command in '/home/pkotta/ros2_ws/src/ros-task/build/limo_simulation' returned '0': CMAKE_PREFIX_PATH=/opt/ros/humble /usr/bin/cmake /home/pkotta/ros2_ws/src/ros-task/workspace/limo_simulation -DCMAKE_INSTALL_PREFIX=/home/pkotta/ros2_ws/src/ros-task/install/limo_simulation
[4.231s] Invoking command in '/home/pkotta/ros2_ws/src/ros-task/build/limo_simulation': CMAKE_PREFIX_PATH=/opt/ros/humble /usr/bin/cmake --build /home/pkotta/ros2_ws/src/ros-task/build/limo_simulation -- -j20 -l20
[4.272s] Invoked command in '/home/pkotta/ros2_ws/src/ros-task/build/limo_simulation' returned '0': CMAKE_PREFIX_PATH=/opt/ros/humble /usr/bin/cmake --build /home/pkotta/ros2_ws/src/ros-task/build/limo_simulation -- -j20 -l20
[4.281s] Invoking command in '/home/pkotta/ros2_ws/src/ros-task/build/limo_simulation': CMAKE_PREFIX_PATH=/opt/ros/humble /usr/bin/cmake --install /home/pkotta/ros2_ws/src/ros-task/build/limo_simulation
[4.288s] -- Install configuration: ""
[4.288s] -- Installing: /home/pkotta/ros2_ws/src/ros-task/install/limo_simulation/share/limo_simulation/launch
[4.289s] -- Installing: /home/pkotta/ros2_ws/src/ros-task/install/limo_simulation/share/limo_simulation/launch/limo.launch.py
[4.290s] -- Installing: /home/pkotta/ros2_ws/src/ros-task/install/limo_simulation/share/limo_simulation/meshes
[4.291s] -- Installing: /home/pkotta/ros2_ws/src/ros-task/install/limo_simulation/share/limo_simulation/meshes/limo_wheel.stl
[4.306s] -- Installing: /home/pkotta/ros2_ws/src/ros-task/install/limo_simulation/share/limo_simulation/meshes/limo_base.stl
[4.398s] -- Installing: /home/pkotta/ros2_ws/src/ros-task/install/limo_simulation/share/limo_simulation/meshes/limo_base_decimated.dae
[4.404s] -- Installing: /home/pkotta/ros2_ws/src/ros-task/install/limo_simulation/share/limo_simulation/meshes/limo_wheel.dae
[4.433s] -- Installing: /home/pkotta/ros2_ws/src/ros-task/install/limo_simulation/share/limo_simulation/meshes/limo_base.dae
[4.562s] -- Installing: /home/pkotta/ros2_ws/src/ros-task/install/limo_simulation/share/limo_simulation/urdf
[4.563s] -- Installing: /home/pkotta/ros2_ws/src/ros-task/install/limo_simulation/share/limo_simulation/urdf/limo_four_diff.gazebo
[4.563s] -- Installing: /home/pkotta/ros2_ws/src/ros-task/install/limo_simulation/share/limo_simulation/urdf/limo_four_diff.xacro
[4.564s] -- Installing: /home/pkotta/ros2_ws/src/ros-task/install/limo_simulation/share/limo_simulation/urdf/limo_xacro.xacro
[4.564s] -- Installing: /home/pkotta/ros2_ws/src/ros-task/install/limo_simulation/share/limo_simulation/worlds
[4.565s] -- Installing: /home/pkotta/ros2_ws/src/ros-task/install/limo_simulation/share/limo_simulation/worlds/empty.sdf
[4.566s] -- Installing: /home/pkotta/ros2_ws/src/ros-task/install/limo_simulation/share/ament_index/resource_index/package_run_dependencies/limo_simulation
[4.566s] -- Installing: /home/pkotta/ros2_ws/src/ros-task/install/limo_simulation/share/ament_index/resource_index/parent_prefix_path/limo_simulation
[4.567s] -- Installing: /home/pkotta/ros2_ws/src/ros-task/install/limo_simulation/share/limo_simulation/environment/ament_prefix_path.sh
[4.567s] -- Installing: /home/pkotta/ros2_ws/src/ros-task/install/limo_simulation/share/limo_simulation/environment/ament_prefix_path.dsv
[4.567s] -- Installing: /home/pkotta/ros2_ws/src/ros-task/install/limo_simulation/share/limo_simulation/environment/path.sh
[4.567s] -- Installing: /home/pkotta/ros2_ws/src/ros-task/install/limo_simulation/share/limo_simulation/environment/path.dsv
[4.568s] -- Installing: /home/pkotta/ros2_ws/src/ros-task/install/limo_simulation/share/limo_simulation/local_setup.bash
[4.568s] -- Installing: /home/pkotta/ros2_ws/src/ros-task/install/limo_simulation/share/limo_simulation/local_setup.sh
[4.568s] -- Installing: /home/pkotta/ros2_ws/src/ros-task/install/limo_simulation/share/limo_simulation/local_setup.zsh
[4.569s] -- Installing: /home/pkotta/ros2_ws/src/ros-task/install/limo_simulation/share/limo_simulation/local_setup.dsv
[4.569s] -- Installing: /home/pkotta/ros2_ws/src/ros-task/install/limo_simulation/share/limo_simulation/package.dsv
[4.569s] -- Installing: /home/pkotta/ros2_ws/src/ros-task/install/limo_simulation/share/ament_index/resource_index/packages/limo_simulation
[4.569s] -- Installing: /home/pkotta/ros2_ws/src/ros-task/install/limo_simulation/share/limo_simulation/cmake/ament_cmake_export_dependencies-extras.cmake
[4.570s] -- Installing: /home/pkotta/ros2_ws/src/ros-task/install/limo_simulation/share/limo_simulation/cmake/limo_simulationConfig.cmake
[4.570s] -- Installing: /home/pkotta/ros2_ws/src/ros-task/install/limo_simulation/share/limo_simulation/cmake/limo_simulationConfig-version.cmake
[4.570s] -- Installing: /home/pkotta/ros2_ws/src/ros-task/install/limo_simulation/share/limo_simulation/package.xml
[4.573s] Invoked command in '/home/pkotta/ros2_ws/src/ros-task/build/limo_simulation' returned '0': CMAKE_PREFIX_PATH=/opt/ros/humble /usr/bin/cmake --install /home/pkotta/ros2_ws/src/ros-task/build/limo_simulation
