[0.023s] Invoking command in '/home/pkotta/ros2_ws/src/ros-task/workspace/build/limo_simulation': CMAKE_PREFIX_PATH=/opt/ros/humble /usr/bin/cmake --build /home/pkotta/ros2_ws/src/ros-task/workspace/build/limo_simulation -- -j20 -l20
[0.140s] Invoked command in '/home/pkotta/ros2_ws/src/ros-task/workspace/build/limo_simulation' returned '0': CMAKE_PREFIX_PATH=/opt/ros/humble /usr/bin/cmake --build /home/pkotta/ros2_ws/src/ros-task/workspace/build/limo_simulation -- -j20 -l20
[0.151s] Invoking command in '/home/pkotta/ros2_ws/src/ros-task/workspace/build/limo_simulation': CMAKE_PREFIX_PATH=/opt/ros/humble /usr/bin/cmake --install /home/pkotta/ros2_ws/src/ros-task/workspace/build/limo_simulation
[0.160s] -- Install configuration: ""
[0.161s] -- Up-to-date: /home/pkotta/ros2_ws/src/ros-task/workspace/install/limo_simulation/share/limo_simulation/launch
[0.162s] -- Up-to-date: /home/pkotta/ros2_ws/src/ros-task/workspace/install/limo_simulation/share/limo_simulation/launch/limo.launch.py
[0.162s] -- Up-to-date: /home/pkotta/ros2_ws/src/ros-task/workspace/install/limo_simulation/share/limo_simulation/meshes
[0.162s] -- Up-to-date: /home/pkotta/ros2_ws/src/ros-task/workspace/install/limo_simulation/share/limo_simulation/meshes/limo_wheel.stl
[0.163s] -- Up-to-date: /home/pkotta/ros2_ws/src/ros-task/workspace/install/limo_simulation/share/limo_simulation/meshes/limo_base.stl
[0.163s] -- Up-to-date: /home/pkotta/ros2_ws/src/ros-task/workspace/install/limo_simulation/share/limo_simulation/meshes/limo_base_decimated.dae
[0.163s] -- Up-to-date: /home/pkotta/ros2_ws/src/ros-task/workspace/install/limo_simulation/share/limo_simulation/meshes/limo_wheel.dae
[0.163s] -- Up-to-date: /home/pkotta/ros2_ws/src/ros-task/workspace/install/limo_simulation/share/limo_simulation/meshes/limo_base.dae
[0.163s] -- Up-to-date: /home/pkotta/ros2_ws/src/ros-task/workspace/install/limo_simulation/share/limo_simulation/urdf
[0.163s] -- Up-to-date: /home/pkotta/ros2_ws/src/ros-task/workspace/install/limo_simulation/share/limo_simulation/urdf/limo_four_diff.gazebo
[0.163s] -- Up-to-date: /home/pkotta/ros2_ws/src/ros-task/workspace/install/limo_simulation/share/limo_simulation/urdf/limo_four_diff.xacro
[0.163s] -- Up-to-date: /home/pkotta/ros2_ws/src/ros-task/workspace/install/limo_simulation/share/limo_simulation/urdf/limo_xacro.xacro
[0.164s] -- Up-to-date: /home/pkotta/ros2_ws/src/ros-task/workspace/install/limo_simulation/share/limo_simulation/worlds
[0.164s] -- Up-to-date: /home/pkotta/ros2_ws/src/ros-task/workspace/install/limo_simulation/share/limo_simulation/worlds/empty.sdf
[0.164s] -- Up-to-date: /home/pkotta/ros2_ws/src/ros-task/workspace/install/limo_simulation/share/ament_index/resource_index/package_run_dependencies/limo_simulation
[0.164s] -- Up-to-date: /home/pkotta/ros2_ws/src/ros-task/workspace/install/limo_simulation/share/ament_index/resource_index/parent_prefix_path/limo_simulation
[0.164s] -- Up-to-date: /home/pkotta/ros2_ws/src/ros-task/workspace/install/limo_simulation/share/limo_simulation/environment/ament_prefix_path.sh
[0.164s] -- Up-to-date: /home/pkotta/ros2_ws/src/ros-task/workspace/install/limo_simulation/share/limo_simulation/environment/ament_prefix_path.dsv
[0.164s] -- Up-to-date: /home/pkotta/ros2_ws/src/ros-task/workspace/install/limo_simulation/share/limo_simulation/environment/path.sh
[0.165s] -- Up-to-date: /home/pkotta/ros2_ws/src/ros-task/workspace/install/limo_simulation/share/limo_simulation/environment/path.dsv
[0.165s] -- Up-to-date: /home/pkotta/ros2_ws/src/ros-task/workspace/install/limo_simulation/share/limo_simulation/local_setup.bash
[0.165s] -- Up-to-date: /home/pkotta/ros2_ws/src/ros-task/workspace/install/limo_simulation/share/limo_simulation/local_setup.sh
[0.165s] -- Up-to-date: /home/pkotta/ros2_ws/src/ros-task/workspace/install/limo_simulation/share/limo_simulation/local_setup.zsh
[0.165s] -- Up-to-date: /home/pkotta/ros2_ws/src/ros-task/workspace/install/limo_simulation/share/limo_simulation/local_setup.dsv
[0.165s] -- Up-to-date: /home/pkotta/ros2_ws/src/ros-task/workspace/install/limo_simulation/share/limo_simulation/package.dsv
[0.165s] -- Up-to-date: /home/pkotta/ros2_ws/src/ros-task/workspace/install/limo_simulation/share/ament_index/resource_index/packages/limo_simulation
[0.165s] -- Up-to-date: /home/pkotta/ros2_ws/src/ros-task/workspace/install/limo_simulation/share/limo_simulation/cmake/ament_cmake_export_dependencies-extras.cmake
[0.165s] -- Up-to-date: /home/pkotta/ros2_ws/src/ros-task/workspace/install/limo_simulation/share/limo_simulation/cmake/limo_simulationConfig.cmake
[0.165s] -- Up-to-date: /home/pkotta/ros2_ws/src/ros-task/workspace/install/limo_simulation/share/limo_simulation/cmake/limo_simulationConfig-version.cmake
[0.165s] -- Up-to-date: /home/pkotta/ros2_ws/src/ros-task/workspace/install/limo_simulation/share/limo_simulation/package.xml
[0.168s] Invoked command in '/home/pkotta/ros2_ws/src/ros-task/workspace/build/limo_simulation' returned '0': CMAKE_PREFIX_PATH=/opt/ros/humble /usr/bin/cmake --install /home/pkotta/ros2_ws/src/ros-task/workspace/build/limo_simulation
