[0.029s] Invoking command in '/home/pkotta/ros2_ws/src/ros-task/build/limo_simulation': CMAKE_PREFIX_PATH=/opt/ros/humble /usr/bin/cmake --build /home/pkotta/ros2_ws/src/ros-task/build/limo_simulation -- -j20 -l20
[0.164s] Invoked command in '/home/pkotta/ros2_ws/src/ros-task/build/limo_simulation' returned '0': CMAKE_PREFIX_PATH=/opt/ros/humble /usr/bin/cmake --build /home/pkotta/ros2_ws/src/ros-task/build/limo_simulation -- -j20 -l20
[0.180s] Invoking command in '/home/pkotta/ros2_ws/src/ros-task/build/limo_simulation': CMAKE_PREFIX_PATH=/opt/ros/humble /usr/bin/cmake --install /home/pkotta/ros2_ws/src/ros-task/build/limo_simulation
[0.188s] -- Install configuration: ""
[0.189s] -- Up-to-date: /home/pkotta/ros2_ws/src/ros-task/install/limo_simulation/share/limo_simulation/launch
[0.189s] -- Installing: /home/pkotta/ros2_ws/src/ros-task/install/limo_simulation/share/limo_simulation/launch/limo.launch.py
[0.191s] -- Up-to-date: /home/pkotta/ros2_ws/src/ros-task/install/limo_simulation/share/limo_simulation/meshes
[0.191s] -- Up-to-date: /home/pkotta/ros2_ws/src/ros-task/install/limo_simulation/share/limo_simulation/meshes/limo_wheel.stl
[0.191s] -- Up-to-date: /home/pkotta/ros2_ws/src/ros-task/install/limo_simulation/share/limo_simulation/meshes/limo_base.stl
[0.191s] -- Up-to-date: /home/pkotta/ros2_ws/src/ros-task/install/limo_simulation/share/limo_simulation/meshes/limo_base_decimated.dae
[0.192s] -- Up-to-date: /home/pkotta/ros2_ws/src/ros-task/install/limo_simulation/share/limo_simulation/meshes/limo_wheel.dae
[0.192s] -- Up-to-date: /home/pkotta/ros2_ws/src/ros-task/install/limo_simulation/share/limo_simulation/meshes/limo_base.dae
[0.192s] -- Up-to-date: /home/pkotta/ros2_ws/src/ros-task/install/limo_simulation/share/limo_simulation/urdf
[0.192s] -- Up-to-date: /home/pkotta/ros2_ws/src/ros-task/install/limo_simulation/share/limo_simulation/urdf/limo_four_diff.gazebo
[0.192s] -- Up-to-date: /home/pkotta/ros2_ws/src/ros-task/install/limo_simulation/share/limo_simulation/urdf/limo_four_diff.xacro
[0.192s] -- Up-to-date: /home/pkotta/ros2_ws/src/ros-task/install/limo_simulation/share/limo_simulation/urdf/limo_xacro.xacro
[0.192s] -- Up-to-date: /home/pkotta/ros2_ws/src/ros-task/install/limo_simulation/share/limo_simulation/worlds
[0.193s] -- Up-to-date: /home/pkotta/ros2_ws/src/ros-task/install/limo_simulation/share/limo_simulation/worlds/empty.sdf
[0.194s] -- Up-to-date: /home/pkotta/ros2_ws/src/ros-task/install/limo_simulation/share/ament_index/resource_index/package_run_dependencies/limo_simulation
[0.194s] -- Up-to-date: /home/pkotta/ros2_ws/src/ros-task/install/limo_simulation/share/ament_index/resource_index/parent_prefix_path/limo_simulation
[0.194s] -- Up-to-date: /home/pkotta/ros2_ws/src/ros-task/install/limo_simulation/share/limo_simulation/environment/ament_prefix_path.sh
[0.195s] -- Up-to-date: /home/pkotta/ros2_ws/src/ros-task/install/limo_simulation/share/limo_simulation/environment/ament_prefix_path.dsv
[0.195s] -- Up-to-date: /home/pkotta/ros2_ws/src/ros-task/install/limo_simulation/share/limo_simulation/environment/path.sh
[0.195s] -- Up-to-date: /home/pkotta/ros2_ws/src/ros-task/install/limo_simulation/share/limo_simulation/environment/path.dsv
[0.195s] -- Up-to-date: /home/pkotta/ros2_ws/src/ros-task/install/limo_simulation/share/limo_simulation/local_setup.bash
[0.195s] -- Up-to-date: /home/pkotta/ros2_ws/src/ros-task/install/limo_simulation/share/limo_simulation/local_setup.sh
[0.195s] -- Up-to-date: /home/pkotta/ros2_ws/src/ros-task/install/limo_simulation/share/limo_simulation/local_setup.zsh
[0.196s] -- Up-to-date: /home/pkotta/ros2_ws/src/ros-task/install/limo_simulation/share/limo_simulation/local_setup.dsv
[0.196s] -- Installing: /home/pkotta/ros2_ws/src/ros-task/install/limo_simulation/share/limo_simulation/package.dsv
[0.198s] -- Up-to-date: /home/pkotta/ros2_ws/src/ros-task/install/limo_simulation/share/ament_index/resource_index/packages/limo_simulation
[0.198s] -- Up-to-date: /home/pkotta/ros2_ws/src/ros-task/install/limo_simulation/share/limo_simulation/cmake/ament_cmake_export_dependencies-extras.cmake
[0.198s] -- Up-to-date: /home/pkotta/ros2_ws/src/ros-task/install/limo_simulation/share/limo_simulation/cmake/limo_simulationConfig.cmake
[0.198s] -- Up-to-date: /home/pkotta/ros2_ws/src/ros-task/install/limo_simulation/share/limo_simulation/cmake/limo_simulationConfig-version.cmake
[0.198s] -- Up-to-date: /home/pkotta/ros2_ws/src/ros-task/install/limo_simulation/share/limo_simulation/package.xml
[0.201s] Invoked command in '/home/pkotta/ros2_ws/src/ros-task/build/limo_simulation' returned '0': CMAKE_PREFIX_PATH=/opt/ros/humble /usr/bin/cmake --install /home/pkotta/ros2_ws/src/ros-task/build/limo_simulation
