[0.039s] Invoking command in '/home/pkotta/ros2_ws/src/ros-task/build/limo_simulation': CMAKE_PREFIX_PATH=/opt/ros/humble /usr/bin/cmake --build /home/pkotta/ros2_ws/src/ros-task/build/limo_simulation -- -j20 -l20
[0.209s] Invoked command in '/home/pkotta/ros2_ws/src/ros-task/build/limo_simulation' returned '0': CMAKE_PREFIX_PATH=/opt/ros/humble /usr/bin/cmake --build /home/pkotta/ros2_ws/src/ros-task/build/limo_simulation -- -j20 -l20
[0.252s] Invoking command in '/home/pkotta/ros2_ws/src/ros-task/build/limo_simulation': CMAKE_PREFIX_PATH=/opt/ros/humble /usr/bin/cmake --install /home/pkotta/ros2_ws/src/ros-task/build/limo_simulation
[0.277s] -- Install configuration: ""
[0.277s] -- Up-to-date: /home/pkotta/ros2_ws/src/ros-task/install/limo_simulation/share/limo_simulation/launch
[0.280s] -- Up-to-date: /home/pkotta/ros2_ws/src/ros-task/install/limo_simulation/share/limo_simulation/launch/limo.launch.py
[0.281s] -- Up-to-date: /home/pkotta/ros2_ws/src/ros-task/install/limo_simulation/share/limo_simulation/meshes
[0.282s] -- Up-to-date: /home/pkotta/ros2_ws/src/ros-task/install/limo_simulation/share/limo_simulation/meshes/limo_wheel.stl
[0.282s] -- Up-to-date: /home/pkotta/ros2_ws/src/ros-task/install/limo_simulation/share/limo_simulation/meshes/limo_base.stl
[0.282s] -- Up-to-date: /home/pkotta/ros2_ws/src/ros-task/install/limo_simulation/share/limo_simulation/meshes/limo_base_decimated.dae
[0.282s] -- Up-to-date: /home/pkotta/ros2_ws/src/ros-task/install/limo_simulation/share/limo_simulation/meshes/limo_wheel.dae
[0.283s] -- Up-to-date: /home/pkotta/ros2_ws/src/ros-task/install/limo_simulation/share/limo_simulation/meshes/limo_base.dae
[0.283s] -- Up-to-date: /home/pkotta/ros2_ws/src/ros-task/install/limo_simulation/share/limo_simulation/urdf
[0.284s] -- Up-to-date: /home/pkotta/ros2_ws/src/ros-task/install/limo_simulation/share/limo_simulation/urdf/limo_four_diff.gazebo
[0.284s] -- Up-to-date: /home/pkotta/ros2_ws/src/ros-task/install/limo_simulation/share/limo_simulation/urdf/limo_four_diff.xacro
[0.284s] -- Up-to-date: /home/pkotta/ros2_ws/src/ros-task/install/limo_simulation/share/limo_simulation/urdf/limo_xacro.xacro
[0.285s] -- Up-to-date: /home/pkotta/ros2_ws/src/ros-task/install/limo_simulation/share/limo_simulation/worlds
[0.285s] -- Up-to-date: /home/pkotta/ros2_ws/src/ros-task/install/limo_simulation/share/limo_simulation/worlds/empty.sdf
[0.285s] -- Up-to-date: /home/pkotta/ros2_ws/src/ros-task/install/limo_simulation/share/ament_index/resource_index/package_run_dependencies/limo_simulation
[0.285s] -- Up-to-date: /home/pkotta/ros2_ws/src/ros-task/install/limo_simulation/share/ament_index/resource_index/parent_prefix_path/limo_simulation
[0.285s] -- Up-to-date: /home/pkotta/ros2_ws/src/ros-task/install/limo_simulation/share/limo_simulation/environment/ament_prefix_path.sh
[0.286s] -- Up-to-date: /home/pkotta/ros2_ws/src/ros-task/install/limo_simulation/share/limo_simulation/environment/ament_prefix_path.dsv
[0.286s] -- Up-to-date: /home/pkotta/ros2_ws/src/ros-task/install/limo_simulation/share/limo_simulation/environment/path.sh
[0.286s] -- Up-to-date: /home/pkotta/ros2_ws/src/ros-task/install/limo_simulation/share/limo_simulation/environment/path.dsv
[0.286s] -- Up-to-date: /home/pkotta/ros2_ws/src/ros-task/install/limo_simulation/share/limo_simulation/local_setup.bash
[0.286s] -- Up-to-date: /home/pkotta/ros2_ws/src/ros-task/install/limo_simulation/share/limo_simulation/local_setup.sh
[0.288s] -- Up-to-date: /home/pkotta/ros2_ws/src/ros-task/install/limo_simulation/share/limo_simulation/local_setup.zsh
[0.288s] -- Up-to-date: /home/pkotta/ros2_ws/src/ros-task/install/limo_simulation/share/limo_simulation/local_setup.dsv
[0.288s] -- Installing: /home/pkotta/ros2_ws/src/ros-task/install/limo_simulation/share/limo_simulation/package.dsv
[0.288s] -- Up-to-date: /home/pkotta/ros2_ws/src/ros-task/install/limo_simulation/share/ament_index/resource_index/packages/limo_simulation
[0.289s] -- Up-to-date: /home/pkotta/ros2_ws/src/ros-task/install/limo_simulation/share/limo_simulation/cmake/ament_cmake_export_dependencies-extras.cmake
[0.289s] -- Up-to-date: /home/pkotta/ros2_ws/src/ros-task/install/limo_simulation/share/limo_simulation/cmake/limo_simulationConfig.cmake
[0.289s] -- Up-to-date: /home/pkotta/ros2_ws/src/ros-task/install/limo_simulation/share/limo_simulation/cmake/limo_simulationConfig-version.cmake
[0.289s] -- Up-to-date: /home/pkotta/ros2_ws/src/ros-task/install/limo_simulation/share/limo_simulation/package.xml
[0.293s] Invoked command in '/home/pkotta/ros2_ws/src/ros-task/build/limo_simulation' returned '0': CMAKE_PREFIX_PATH=/opt/ros/humble /usr/bin/cmake --install /home/pkotta/ros2_ws/src/ros-task/build/limo_simulation
