[0.028s] Invoking command in '/home/pkotta/ros2_ws/src/ros-task/build/limo_control': CMAKE_PREFIX_PATH=/opt/ros/humble /usr/bin/cmake --build /home/pkotta/ros2_ws/src/ros-task/build/limo_control -- -j20 -l20
[0.072s] [35m[1mConsolidate compiler generated dependencies of target limo_control[0m
[0.088s] [ 50%] [32mBuilding CXX object CMakeFiles/limo_control.dir/limo_controller.cpp.o[0m
[13.131s] [100%] [32m[1mLinking CXX executable limo_control[0m
[13.858s] [100%] Built target limo_control
[13.869s] Invoked command in '/home/pkotta/ros2_ws/src/ros-task/build/limo_control' returned '0': CMAKE_PREFIX_PATH=/opt/ros/humble /usr/bin/cmake --build /home/pkotta/ros2_ws/src/ros-task/build/limo_control -- -j20 -l20
[13.879s] Invoking command in '/home/pkotta/ros2_ws/src/ros-task/build/limo_control': CMAKE_PREFIX_PATH=/opt/ros/humble /usr/bin/cmake --install /home/pkotta/ros2_ws/src/ros-task/build/limo_control
[13.884s] -- Install configuration: ""
[13.884s] -- Installing: /home/pkotta/ros2_ws/src/ros-task/install/limo_control/lib/limo_control/limo_control
[13.902s] -- Set runtime path of "/home/pkotta/ros2_ws/src/ros-task/install/limo_control/lib/limo_control/limo_control" to ""
[13.902s] -- Up-to-date: /home/pkotta/ros2_ws/src/ros-task/install/limo_control/share/limo_control/launch
[13.903s] -- Up-to-date: /home/pkotta/ros2_ws/src/ros-task/install/limo_control/share/limo_control/launch/launch_for_controller.py
[13.903s] -- Up-to-date: /home/pkotta/ros2_ws/src/ros-task/install/limo_control/share/ament_index/resource_index/package_run_dependencies/limo_control
[13.903s] -- Up-to-date: /home/pkotta/ros2_ws/src/ros-task/install/limo_control/share/ament_index/resource_index/parent_prefix_path/limo_control
[13.903s] -- Up-to-date: /home/pkotta/ros2_ws/src/ros-task/install/limo_control/share/limo_control/environment/ament_prefix_path.sh
[13.903s] -- Up-to-date: /home/pkotta/ros2_ws/src/ros-task/install/limo_control/share/limo_control/environment/ament_prefix_path.dsv
[13.903s] -- Up-to-date: /home/pkotta/ros2_ws/src/ros-task/install/limo_control/share/limo_control/environment/path.sh
[13.903s] -- Up-to-date: /home/pkotta/ros2_ws/src/ros-task/install/limo_control/share/limo_control/environment/path.dsv
[13.904s] -- Up-to-date: /home/pkotta/ros2_ws/src/ros-task/install/limo_control/share/limo_control/local_setup.bash
[13.904s] -- Up-to-date: /home/pkotta/ros2_ws/src/ros-task/install/limo_control/share/limo_control/local_setup.sh
[13.904s] -- Up-to-date: /home/pkotta/ros2_ws/src/ros-task/install/limo_control/share/limo_control/local_setup.zsh
[13.904s] -- Up-to-date: /home/pkotta/ros2_ws/src/ros-task/install/limo_control/share/limo_control/local_setup.dsv
[13.904s] -- Installing: /home/pkotta/ros2_ws/src/ros-task/install/limo_control/share/limo_control/package.dsv
[13.904s] -- Up-to-date: /home/pkotta/ros2_ws/src/ros-task/install/limo_control/share/ament_index/resource_index/packages/limo_control
[13.904s] -- Up-to-date: /home/pkotta/ros2_ws/src/ros-task/install/limo_control/share/limo_control/cmake/limo_controlConfig.cmake
[13.904s] -- Up-to-date: /home/pkotta/ros2_ws/src/ros-task/install/limo_control/share/limo_control/cmake/limo_controlConfig-version.cmake
[13.904s] -- Up-to-date: /home/pkotta/ros2_ws/src/ros-task/install/limo_control/share/limo_control/package.xml
[13.906s] Invoked command in '/home/pkotta/ros2_ws/src/ros-task/build/limo_control' returned '0': CMAKE_PREFIX_PATH=/opt/ros/humble /usr/bin/cmake --install /home/pkotta/ros2_ws/src/ros-task/build/limo_control
