[0.026s] Invoking command in '/home/pkotta/ros2_ws/src/ros-task/workspace/build/limo_control': CMAKE_PREFIX_PATH=/opt/ros/humble /usr/bin/cmake --build /home/pkotta/ros2_ws/src/ros-task/workspace/build/limo_control -- -j20 -l20
[0.140s] -- Found ament_cmake: 1.3.11 (/opt/ros/humble/share/ament_cmake/cmake)
[0.338s] -- Found rclcpp: 16.0.11 (/opt/ros/humble/share/rclcpp/cmake)
[0.557s] -- Found rosidl_generator_c: 3.1.6 (/opt/ros/humble/share/rosidl_generator_c/cmake)
[0.563s] -- Found rosidl_adapter: 3.1.6 (/opt/ros/humble/share/rosidl_adapter/cmake)
[0.576s] -- Found rosidl_generator_cpp: 3.1.6 (/opt/ros/humble/share/rosidl_generator_cpp/cmake)
[0.596s] -- Using all available rosidl_typesupport_c: rosidl_typesupport_fastrtps_c;rosidl_typesupport_introspection_c
[0.615s] -- Using all available rosidl_typesupport_cpp: rosidl_typesupport_fastrtps_cpp;rosidl_typesupport_introspection_cpp
[0.677s] -- Found rmw_implementation_cmake: 6.1.2 (/opt/ros/humble/share/rmw_implementation_cmake/cmake)
[0.680s] -- Found rmw_fastrtps_cpp: 6.2.7 (/opt/ros/humble/share/rmw_fastrtps_cpp/cmake)
[7.863s] -- Using RMW implementation 'rmw_fastrtps_cpp' as default
[7.941s] -- Found geometry_msgs: 4.2.4 (/opt/ros/humble/share/geometry_msgs/cmake)
[7.957s] -- Found nav_msgs: 4.2.4 (/opt/ros/humble/share/nav_msgs/cmake)
[8.047s] -- Configuring done
[8.060s] -- Generating done
[8.064s] -- Build files have been written to: /home/pkotta/ros2_ws/src/ros-task/workspace/build/limo_control
[8.085s] [35m[1mConsolidate compiler generated dependencies of target limo_control[0m
[8.100s] [100%] Built target limo_control
[8.108s] Invoked command in '/home/pkotta/ros2_ws/src/ros-task/workspace/build/limo_control' returned '0': CMAKE_PREFIX_PATH=/opt/ros/humble /usr/bin/cmake --build /home/pkotta/ros2_ws/src/ros-task/workspace/build/limo_control -- -j20 -l20
[8.110s] Invoking command in '/home/pkotta/ros2_ws/src/ros-task/workspace/build/limo_control': CMAKE_PREFIX_PATH=/opt/ros/humble /usr/bin/cmake --install /home/pkotta/ros2_ws/src/ros-task/workspace/build/limo_control
[8.117s] -- Install configuration: ""
[8.118s] -- Up-to-date: /home/pkotta/ros2_ws/src/ros-task/workspace/install/limo_control/lib/limo_control/limo_control
[8.119s] -- Installing: /home/pkotta/ros2_ws/src/ros-task/workspace/install/limo_control/share/limo_control/launch
[8.119s] -- Installing: /home/pkotta/ros2_ws/src/ros-task/workspace/install/limo_control/share/limo_control/launch/launch_for_controller.py
[8.119s] -- Up-to-date: /home/pkotta/ros2_ws/src/ros-task/workspace/install/limo_control/share/ament_index/resource_index/package_run_dependencies/limo_control
[8.120s] -- Up-to-date: /home/pkotta/ros2_ws/src/ros-task/workspace/install/limo_control/share/ament_index/resource_index/parent_prefix_path/limo_control
[8.120s] -- Up-to-date: /home/pkotta/ros2_ws/src/ros-task/workspace/install/limo_control/share/limo_control/environment/ament_prefix_path.sh
[8.120s] -- Installing: /home/pkotta/ros2_ws/src/ros-task/workspace/install/limo_control/share/limo_control/environment/ament_prefix_path.dsv
[8.121s] -- Up-to-date: /home/pkotta/ros2_ws/src/ros-task/workspace/install/limo_control/share/limo_control/environment/path.sh
[8.121s] -- Installing: /home/pkotta/ros2_ws/src/ros-task/workspace/install/limo_control/share/limo_control/environment/path.dsv
[8.121s] -- Up-to-date: /home/pkotta/ros2_ws/src/ros-task/workspace/install/limo_control/share/limo_control/local_setup.bash
[8.121s] -- Up-to-date: /home/pkotta/ros2_ws/src/ros-task/workspace/install/limo_control/share/limo_control/local_setup.sh
[8.121s] -- Up-to-date: /home/pkotta/ros2_ws/src/ros-task/workspace/install/limo_control/share/limo_control/local_setup.zsh
[8.122s] -- Installing: /home/pkotta/ros2_ws/src/ros-task/workspace/install/limo_control/share/limo_control/local_setup.dsv
[8.122s] -- Installing: /home/pkotta/ros2_ws/src/ros-task/workspace/install/limo_control/share/limo_control/package.dsv
[8.122s] -- Up-to-date: /home/pkotta/ros2_ws/src/ros-task/workspace/install/limo_control/share/ament_index/resource_index/packages/limo_control
[8.122s] -- Up-to-date: /home/pkotta/ros2_ws/src/ros-task/workspace/install/limo_control/share/limo_control/cmake/limo_controlConfig.cmake
[8.122s] -- Up-to-date: /home/pkotta/ros2_ws/src/ros-task/workspace/install/limo_control/share/limo_control/cmake/limo_controlConfig-version.cmake
[8.122s] -- Up-to-date: /home/pkotta/ros2_ws/src/ros-task/workspace/install/limo_control/share/limo_control/package.xml
[8.123s] Invoked command in '/home/pkotta/ros2_ws/src/ros-task/workspace/build/limo_control' returned '0': CMAKE_PREFIX_PATH=/opt/ros/humble /usr/bin/cmake --install /home/pkotta/ros2_ws/src/ros-task/workspace/build/limo_control
