[0.066s] Invoking command in '/home/pkotta/ros2_ws/src/ros-task/build/limo_control': CMAKE_PREFIX_PATH=/opt/ros/humble /usr/bin/cmake --build /home/pkotta/ros2_ws/src/ros-task/build/limo_control -- -j20 -l20
[0.353s] [ 50%] [32mBuilding CXX object CMakeFiles/limo_control.dir/limo_controller.cpp.o[0m
[18.126s] [100%] [32m[1mLinking CXX executable limo_control[0m
[19.207s] [100%] Built target limo_control
[19.224s] Invoked command in '/home/pkotta/ros2_ws/src/ros-task/build/limo_control' returned '0': CMAKE_PREFIX_PATH=/opt/ros/humble /usr/bin/cmake --build /home/pkotta/ros2_ws/src/ros-task/build/limo_control -- -j20 -l20
[19.231s] Invoking command in '/home/pkotta/ros2_ws/src/ros-task/build/limo_control': CMAKE_PREFIX_PATH=/opt/ros/humble /usr/bin/cmake --install /home/pkotta/ros2_ws/src/ros-task/build/limo_control
[19.243s] -- Install configuration: ""
[19.245s] -- Installing: /home/pkotta/ros2_ws/src/ros-task/install/limo_control/lib/limo_control/limo_control
[19.299s] -- Set runtime path of "/home/pkotta/ros2_ws/src/ros-task/install/limo_control/lib/limo_control/limo_control" to ""
[19.299s] -- Up-to-date: /home/pkotta/ros2_ws/src/ros-task/install/limo_control/share/limo_control/launch
[19.300s] -- Up-to-date: /home/pkotta/ros2_ws/src/ros-task/install/limo_control/share/limo_control/launch/launch_for_controller.py
[19.300s] -- Up-to-date: /home/pkotta/ros2_ws/src/ros-task/install/limo_control/share/ament_index/resource_index/package_run_dependencies/limo_control
[19.300s] -- Up-to-date: /home/pkotta/ros2_ws/src/ros-task/install/limo_control/share/ament_index/resource_index/parent_prefix_path/limo_control
[19.301s] -- Up-to-date: /home/pkotta/ros2_ws/src/ros-task/install/limo_control/share/limo_control/environment/ament_prefix_path.sh
[19.301s] -- Up-to-date: /home/pkotta/ros2_ws/src/ros-task/install/limo_control/share/limo_control/environment/ament_prefix_path.dsv
[19.302s] -- Up-to-date: /home/pkotta/ros2_ws/src/ros-task/install/limo_control/share/limo_control/environment/path.sh
[19.302s] -- Up-to-date: /home/pkotta/ros2_ws/src/ros-task/install/limo_control/share/limo_control/environment/path.dsv
[19.302s] -- Up-to-date: /home/pkotta/ros2_ws/src/ros-task/install/limo_control/share/limo_control/local_setup.bash
[19.303s] -- Up-to-date: /home/pkotta/ros2_ws/src/ros-task/install/limo_control/share/limo_control/local_setup.sh
[19.303s] -- Up-to-date: /home/pkotta/ros2_ws/src/ros-task/install/limo_control/share/limo_control/local_setup.zsh
[19.303s] -- Up-to-date: /home/pkotta/ros2_ws/src/ros-task/install/limo_control/share/limo_control/local_setup.dsv
[19.303s] -- Installing: /home/pkotta/ros2_ws/src/ros-task/install/limo_control/share/limo_control/package.dsv
[19.304s] -- Up-to-date: /home/pkotta/ros2_ws/src/ros-task/install/limo_control/share/ament_index/resource_index/packages/limo_control
[19.305s] -- Up-to-date: /home/pkotta/ros2_ws/src/ros-task/install/limo_control/share/limo_control/cmake/limo_controlConfig.cmake
[19.305s] -- Up-to-date: /home/pkotta/ros2_ws/src/ros-task/install/limo_control/share/limo_control/cmake/limo_controlConfig-version.cmake
[19.305s] -- Up-to-date: /home/pkotta/ros2_ws/src/ros-task/install/limo_control/share/limo_control/package.xml
[19.309s] Invoked command in '/home/pkotta/ros2_ws/src/ros-task/build/limo_control' returned '0': CMAKE_PREFIX_PATH=/opt/ros/humble /usr/bin/cmake --install /home/pkotta/ros2_ws/src/ros-task/build/limo_control
