[0.353s] DEBUG:colcon:Command line arguments: ['/usr/bin/colcon', 'build']
[0.353s] DEBUG:colcon:Parsed command line arguments: Namespace(log_base=None, log_level=None, verb_name='build', build_base='build', install_base='install', merge_install=False, symlink_install=False, test_result_base=None, continue_on_error=False, executor='parallel', parallel_workers=20, event_handlers=None, ignore_user_meta=False, metas=['./colcon.meta'], base_paths=['.'], packages_ignore=None, packages_ignore_regex=None, paths=None, packages_up_to=None, packages_up_to_regex=None, packages_above=None, packages_above_and_dependencies=None, packages_above_depth=None, packages_select_by_dep=None, packages_skip_by_dep=None, packages_skip_up_to=None, packages_select_build_failed=False, packages_skip_build_finished=False, packages_select_test_failures=False, packages_skip_test_passed=False, packages_select=None, packages_skip=None, packages_select_regex=None, packages_skip_regex=None, packages_start=None, packages_end=None, allow_overriding=[], cmake_args=None, cmake_target=None, cmake_target_skip_unavailable=False, cmake_clean_cache=False, cmake_clean_first=False, cmake_force_configure=False, ament_cmake_args=None, catkin_cmake_args=None, catkin_skip_building_tests=False, verb_parser=<colcon_defaults.argument_parser.defaults.DefaultArgumentsDecorator object at 0x7fd6e8e87040>, verb_extension=<colcon_core.verb.build.BuildVerb object at 0x7fd6e8e86020>, main=<bound method BuildVerb.main of <colcon_core.verb.build.BuildVerb object at 0x7fd6e8e86020>>)
[0.565s] Level 1:colcon.colcon_core.package_discovery:discover_packages(colcon_meta) check parameters
[0.565s] Level 1:colcon.colcon_core.package_discovery:discover_packages(recursive) check parameters
[0.565s] Level 1:colcon.colcon_core.package_discovery:discover_packages(ignore) check parameters
[0.565s] Level 1:colcon.colcon_core.package_discovery:discover_packages(path) check parameters
[0.565s] Level 1:colcon.colcon_core.package_discovery:discover_packages(colcon_meta) discover
[0.566s] Level 1:colcon.colcon_core.package_discovery:discover_packages(recursive) discover
[0.566s] INFO:colcon.colcon_core.package_discovery:Crawling recursively for packages in '/home/pkotta/ros2_ws/src/ros-task'
[0.566s] Level 1:colcon.colcon_core.package_identification:_identify(.) by extensions ['ignore', 'ignore_ament_install']
[0.566s] Level 1:colcon.colcon_core.package_identification:_identify(.) by extension 'ignore'
[0.566s] Level 1:colcon.colcon_core.package_identification:_identify(.) by extension 'ignore_ament_install'
[0.566s] Level 1:colcon.colcon_core.package_identification:_identify(.) by extensions ['colcon_pkg']
[0.566s] Level 1:colcon.colcon_core.package_identification:_identify(.) by extension 'colcon_pkg'
[0.566s] Level 1:colcon.colcon_core.package_identification:_identify(.) by extensions ['colcon_meta']
[0.566s] Level 1:colcon.colcon_core.package_identification:_identify(.) by extension 'colcon_meta'
[0.566s] Level 1:colcon.colcon_core.package_identification:_identify(.) by extensions ['ros']
[0.566s] Level 1:colcon.colcon_core.package_identification:_identify(.) by extension 'ros'
[0.583s] Level 1:colcon.colcon_core.package_identification:_identify(.) by extensions ['cmake', 'python']
[0.583s] Level 1:colcon.colcon_core.package_identification:_identify(.) by extension 'cmake'
[0.583s] Level 1:colcon.colcon_core.package_identification:_identify(.) by extension 'python'
[0.583s] Level 1:colcon.colcon_core.package_identification:_identify(.) by extensions ['python_setup_py']
[0.583s] Level 1:colcon.colcon_core.package_identification:_identify(.) by extension 'python_setup_py'
[0.583s] Level 1:colcon.colcon_core.package_identification:_identify(build) by extensions ['ignore', 'ignore_ament_install']
[0.583s] Level 1:colcon.colcon_core.package_identification:_identify(build) by extension 'ignore'
[0.583s] Level 1:colcon.colcon_core.package_identification:_identify(build) ignored
[0.583s] Level 1:colcon.colcon_core.package_identification:_identify(docker) by extensions ['ignore', 'ignore_ament_install']
[0.583s] Level 1:colcon.colcon_core.package_identification:_identify(docker) by extension 'ignore'
[0.584s] Level 1:colcon.colcon_core.package_identification:_identify(docker) by extension 'ignore_ament_install'
[0.584s] Level 1:colcon.colcon_core.package_identification:_identify(docker) by extensions ['colcon_pkg']
[0.584s] Level 1:colcon.colcon_core.package_identification:_identify(docker) by extension 'colcon_pkg'
[0.584s] Level 1:colcon.colcon_core.package_identification:_identify(docker) by extensions ['colcon_meta']
[0.584s] Level 1:colcon.colcon_core.package_identification:_identify(docker) by extension 'colcon_meta'
[0.584s] Level 1:colcon.colcon_core.package_identification:_identify(docker) by extensions ['ros']
[0.584s] Level 1:colcon.colcon_core.package_identification:_identify(docker) by extension 'ros'
[0.584s] Level 1:colcon.colcon_core.package_identification:_identify(docker) by extensions ['cmake', 'python']
[0.584s] Level 1:colcon.colcon_core.package_identification:_identify(docker) by extension 'cmake'
[0.584s] Level 1:colcon.colcon_core.package_identification:_identify(docker) by extension 'python'
[0.584s] Level 1:colcon.colcon_core.package_identification:_identify(docker) by extensions ['python_setup_py']
[0.584s] Level 1:colcon.colcon_core.package_identification:_identify(docker) by extension 'python_setup_py'
[0.584s] Level 1:colcon.colcon_core.package_identification:_identify(install) by extensions ['ignore', 'ignore_ament_install']
[0.584s] Level 1:colcon.colcon_core.package_identification:_identify(install) by extension 'ignore'
[0.584s] Level 1:colcon.colcon_core.package_identification:_identify(install) ignored
[0.585s] Level 1:colcon.colcon_core.package_identification:_identify(log) by extensions ['ignore', 'ignore_ament_install']
[0.585s] Level 1:colcon.colcon_core.package_identification:_identify(log) by extension 'ignore'
[0.585s] Level 1:colcon.colcon_core.package_identification:_identify(log) ignored
[0.585s] Level 1:colcon.colcon_core.package_identification:_identify(scripts) by extensions ['ignore', 'ignore_ament_install']
[0.585s] Level 1:colcon.colcon_core.package_identification:_identify(scripts) by extension 'ignore'
[0.585s] Level 1:colcon.colcon_core.package_identification:_identify(scripts) by extension 'ignore_ament_install'
[0.585s] Level 1:colcon.colcon_core.package_identification:_identify(scripts) by extensions ['colcon_pkg']
[0.585s] Level 1:colcon.colcon_core.package_identification:_identify(scripts) by extension 'colcon_pkg'
[0.585s] Level 1:colcon.colcon_core.package_identification:_identify(scripts) by extensions ['colcon_meta']
[0.585s] Level 1:colcon.colcon_core.package_identification:_identify(scripts) by extension 'colcon_meta'
[0.585s] Level 1:colcon.colcon_core.package_identification:_identify(scripts) by extensions ['ros']
[0.585s] Level 1:colcon.colcon_core.package_identification:_identify(scripts) by extension 'ros'
[0.585s] Level 1:colcon.colcon_core.package_identification:_identify(scripts) by extensions ['cmake', 'python']
[0.585s] Level 1:colcon.colcon_core.package_identification:_identify(scripts) by extension 'cmake'
[0.585s] Level 1:colcon.colcon_core.package_identification:_identify(scripts) by extension 'python'
[0.585s] Level 1:colcon.colcon_core.package_identification:_identify(scripts) by extensions ['python_setup_py']
[0.585s] Level 1:colcon.colcon_core.package_identification:_identify(scripts) by extension 'python_setup_py'
[0.585s] Level 1:colcon.colcon_core.package_identification:_identify(scripts/build) by extensions ['ignore', 'ignore_ament_install']
[0.585s] Level 1:colcon.colcon_core.package_identification:_identify(scripts/build) by extension 'ignore'
[0.586s] Level 1:colcon.colcon_core.package_identification:_identify(scripts/build) by extension 'ignore_ament_install'
[0.586s] Level 1:colcon.colcon_core.package_identification:_identify(scripts/build) by extensions ['colcon_pkg']
[0.586s] Level 1:colcon.colcon_core.package_identification:_identify(scripts/build) by extension 'colcon_pkg'
[0.586s] Level 1:colcon.colcon_core.package_identification:_identify(scripts/build) by extensions ['colcon_meta']
[0.586s] Level 1:colcon.colcon_core.package_identification:_identify(scripts/build) by extension 'colcon_meta'
[0.586s] Level 1:colcon.colcon_core.package_identification:_identify(scripts/build) by extensions ['ros']
[0.586s] Level 1:colcon.colcon_core.package_identification:_identify(scripts/build) by extension 'ros'
[0.586s] Level 1:colcon.colcon_core.package_identification:_identify(scripts/build) by extensions ['cmake', 'python']
[0.586s] Level 1:colcon.colcon_core.package_identification:_identify(scripts/build) by extension 'cmake'
[0.586s] Level 1:colcon.colcon_core.package_identification:_identify(scripts/build) by extension 'python'
[0.586s] Level 1:colcon.colcon_core.package_identification:_identify(scripts/build) by extensions ['python_setup_py']
[0.586s] Level 1:colcon.colcon_core.package_identification:_identify(scripts/build) by extension 'python_setup_py'
[0.586s] Level 1:colcon.colcon_core.package_identification:_identify(scripts/deploy) by extensions ['ignore', 'ignore_ament_install']
[0.586s] Level 1:colcon.colcon_core.package_identification:_identify(scripts/deploy) by extension 'ignore'
[0.586s] Level 1:colcon.colcon_core.package_identification:_identify(scripts/deploy) by extension 'ignore_ament_install'
[0.586s] Level 1:colcon.colcon_core.package_identification:_identify(scripts/deploy) by extensions ['colcon_pkg']
[0.586s] Level 1:colcon.colcon_core.package_identification:_identify(scripts/deploy) by extension 'colcon_pkg'
[0.587s] Level 1:colcon.colcon_core.package_identification:_identify(scripts/deploy) by extensions ['colcon_meta']
[0.587s] Level 1:colcon.colcon_core.package_identification:_identify(scripts/deploy) by extension 'colcon_meta'
[0.587s] Level 1:colcon.colcon_core.package_identification:_identify(scripts/deploy) by extensions ['ros']
[0.587s] Level 1:colcon.colcon_core.package_identification:_identify(scripts/deploy) by extension 'ros'
[0.587s] Level 1:colcon.colcon_core.package_identification:_identify(scripts/deploy) by extensions ['cmake', 'python']
[0.587s] Level 1:colcon.colcon_core.package_identification:_identify(scripts/deploy) by extension 'cmake'
[0.587s] Level 1:colcon.colcon_core.package_identification:_identify(scripts/deploy) by extension 'python'
[0.587s] Level 1:colcon.colcon_core.package_identification:_identify(scripts/deploy) by extensions ['python_setup_py']
[0.587s] Level 1:colcon.colcon_core.package_identification:_identify(scripts/deploy) by extension 'python_setup_py'
[0.587s] Level 1:colcon.colcon_core.package_identification:_identify(scripts/setup) by extensions ['ignore', 'ignore_ament_install']
[0.587s] Level 1:colcon.colcon_core.package_identification:_identify(scripts/setup) by extension 'ignore'
[0.587s] Level 1:colcon.colcon_core.package_identification:_identify(scripts/setup) by extension 'ignore_ament_install'
[0.587s] Level 1:colcon.colcon_core.package_identification:_identify(scripts/setup) by extensions ['colcon_pkg']
[0.587s] Level 1:colcon.colcon_core.package_identification:_identify(scripts/setup) by extension 'colcon_pkg'
[0.587s] Level 1:colcon.colcon_core.package_identification:_identify(scripts/setup) by extensions ['colcon_meta']
[0.587s] Level 1:colcon.colcon_core.package_identification:_identify(scripts/setup) by extension 'colcon_meta'
[0.587s] Level 1:colcon.colcon_core.package_identification:_identify(scripts/setup) by extensions ['ros']
[0.587s] Level 1:colcon.colcon_core.package_identification:_identify(scripts/setup) by extension 'ros'
[0.587s] Level 1:colcon.colcon_core.package_identification:_identify(scripts/setup) by extensions ['cmake', 'python']
[0.587s] Level 1:colcon.colcon_core.package_identification:_identify(scripts/setup) by extension 'cmake'
[0.588s] Level 1:colcon.colcon_core.package_identification:_identify(scripts/setup) by extension 'python'
[0.588s] Level 1:colcon.colcon_core.package_identification:_identify(scripts/setup) by extensions ['python_setup_py']
[0.588s] Level 1:colcon.colcon_core.package_identification:_identify(scripts/setup) by extension 'python_setup_py'
[0.588s] Level 1:colcon.colcon_core.package_identification:_identify(workspace) by extensions ['ignore', 'ignore_ament_install']
[0.588s] Level 1:colcon.colcon_core.package_identification:_identify(workspace) by extension 'ignore'
[0.588s] Level 1:colcon.colcon_core.package_identification:_identify(workspace) by extension 'ignore_ament_install'
[0.588s] Level 1:colcon.colcon_core.package_identification:_identify(workspace) by extensions ['colcon_pkg']
[0.588s] Level 1:colcon.colcon_core.package_identification:_identify(workspace) by extension 'colcon_pkg'
[0.588s] Level 1:colcon.colcon_core.package_identification:_identify(workspace) by extensions ['colcon_meta']
[0.588s] Level 1:colcon.colcon_core.package_identification:_identify(workspace) by extension 'colcon_meta'
[0.588s] Level 1:colcon.colcon_core.package_identification:_identify(workspace) by extensions ['ros']
[0.588s] Level 1:colcon.colcon_core.package_identification:_identify(workspace) by extension 'ros'
[0.588s] Level 1:colcon.colcon_core.package_identification:_identify(workspace) by extensions ['cmake', 'python']
[0.588s] Level 1:colcon.colcon_core.package_identification:_identify(workspace) by extension 'cmake'
[0.588s] Level 1:colcon.colcon_core.package_identification:_identify(workspace) by extension 'python'
[0.588s] Level 1:colcon.colcon_core.package_identification:_identify(workspace) by extensions ['python_setup_py']
[0.588s] Level 1:colcon.colcon_core.package_identification:_identify(workspace) by extension 'python_setup_py'
[0.588s] Level 1:colcon.colcon_core.package_identification:_identify(workspace/build) by extensions ['ignore', 'ignore_ament_install']
[0.589s] Level 1:colcon.colcon_core.package_identification:_identify(workspace/build) by extension 'ignore'
[0.589s] Level 1:colcon.colcon_core.package_identification:_identify(workspace/build) ignored
[0.589s] Level 1:colcon.colcon_core.package_identification:_identify(workspace/install) by extensions ['ignore', 'ignore_ament_install']
[0.589s] Level 1:colcon.colcon_core.package_identification:_identify(workspace/install) by extension 'ignore'
[0.589s] Level 1:colcon.colcon_core.package_identification:_identify(workspace/install) ignored
[0.589s] Level 1:colcon.colcon_core.package_identification:_identify(workspace/limo_control) by extensions ['ignore', 'ignore_ament_install']
[0.589s] Level 1:colcon.colcon_core.package_identification:_identify(workspace/limo_control) by extension 'ignore'
[0.589s] Level 1:colcon.colcon_core.package_identification:_identify(workspace/limo_control) by extension 'ignore_ament_install'
[0.589s] Level 1:colcon.colcon_core.package_identification:_identify(workspace/limo_control) by extensions ['colcon_pkg']
[0.589s] Level 1:colcon.colcon_core.package_identification:_identify(workspace/limo_control) by extension 'colcon_pkg'
[0.589s] Level 1:colcon.colcon_core.package_identification:_identify(workspace/limo_control) by extensions ['colcon_meta']
[0.589s] Level 1:colcon.colcon_core.package_identification:_identify(workspace/limo_control) by extension 'colcon_meta'
[0.589s] Level 1:colcon.colcon_core.package_identification:_identify(workspace/limo_control) by extensions ['ros']
[0.589s] Level 1:colcon.colcon_core.package_identification:_identify(workspace/limo_control) by extension 'ros'
[0.593s] DEBUG:colcon.colcon_core.package_identification:Package 'workspace/limo_control' with type 'ros.ament_cmake' and name 'limo_control'
[0.593s] Level 1:colcon.colcon_core.package_identification:_identify(workspace/limo_simulation) by extensions ['ignore', 'ignore_ament_install']
[0.593s] Level 1:colcon.colcon_core.package_identification:_identify(workspace/limo_simulation) by extension 'ignore'
[0.593s] Level 1:colcon.colcon_core.package_identification:_identify(workspace/limo_simulation) by extension 'ignore_ament_install'
[0.593s] Level 1:colcon.colcon_core.package_identification:_identify(workspace/limo_simulation) by extensions ['colcon_pkg']
[0.593s] Level 1:colcon.colcon_core.package_identification:_identify(workspace/limo_simulation) by extension 'colcon_pkg'
[0.593s] Level 1:colcon.colcon_core.package_identification:_identify(workspace/limo_simulation) by extensions ['colcon_meta']
[0.593s] Level 1:colcon.colcon_core.package_identification:_identify(workspace/limo_simulation) by extension 'colcon_meta'
[0.593s] Level 1:colcon.colcon_core.package_identification:_identify(workspace/limo_simulation) by extensions ['ros']
[0.593s] Level 1:colcon.colcon_core.package_identification:_identify(workspace/limo_simulation) by extension 'ros'
[0.594s] DEBUG:colcon.colcon_core.package_identification:Package 'workspace/limo_simulation' with type 'ros.ament_cmake' and name 'limo_simulation'
[0.595s] Level 1:colcon.colcon_core.package_identification:_identify(workspace/log) by extensions ['ignore', 'ignore_ament_install']
[0.595s] Level 1:colcon.colcon_core.package_identification:_identify(workspace/log) by extension 'ignore'
[0.595s] Level 1:colcon.colcon_core.package_identification:_identify(workspace/log) ignored
[0.595s] Level 1:colcon.colcon_core.package_discovery:discover_packages(recursive) using defaults
[0.595s] Level 1:colcon.colcon_core.package_discovery:discover_packages(ignore) discover
[0.595s] Level 1:colcon.colcon_core.package_discovery:discover_packages(ignore) using defaults
[0.595s] Level 1:colcon.colcon_core.package_discovery:discover_packages(path) discover
[0.595s] Level 1:colcon.colcon_core.package_discovery:discover_packages(path) using defaults
[0.623s] Level 1:colcon.colcon_core.package_discovery:discover_packages(prefix_path) check parameters
[0.623s] Level 1:colcon.colcon_core.package_discovery:discover_packages(prefix_path) discover
[0.626s] DEBUG:colcon.colcon_installed_package_information.package_discovery:Found 307 installed packages in /opt/ros/humble
[0.638s] Level 1:colcon.colcon_core.package_discovery:discover_packages(prefix_path) using defaults
[0.693s] Level 5:colcon.colcon_core.verb:set package 'limo_control' build argument 'cmake_args' from command line to 'None'
[0.693s] Level 5:colcon.colcon_core.verb:set package 'limo_control' build argument 'cmake_target' from command line to 'None'
[0.693s] Level 5:colcon.colcon_core.verb:set package 'limo_control' build argument 'cmake_target_skip_unavailable' from command line to 'False'
[0.693s] Level 5:colcon.colcon_core.verb:set package 'limo_control' build argument 'cmake_clean_cache' from command line to 'False'
[0.693s] Level 5:colcon.colcon_core.verb:set package 'limo_control' build argument 'cmake_clean_first' from command line to 'False'
[0.693s] Level 5:colcon.colcon_core.verb:set package 'limo_control' build argument 'cmake_force_configure' from command line to 'False'
[0.693s] Level 5:colcon.colcon_core.verb:set package 'limo_control' build argument 'ament_cmake_args' from command line to 'None'
[0.693s] Level 5:colcon.colcon_core.verb:set package 'limo_control' build argument 'catkin_cmake_args' from command line to 'None'
[0.693s] Level 5:colcon.colcon_core.verb:set package 'limo_control' build argument 'catkin_skip_building_tests' from command line to 'False'
[0.694s] DEBUG:colcon.colcon_core.verb:Building package 'limo_control' with the following arguments: {'ament_cmake_args': None, 'build_base': '/home/pkotta/ros2_ws/src/ros-task/build/limo_control', 'catkin_cmake_args': None, 'catkin_skip_building_tests': False, 'cmake_args': None, 'cmake_clean_cache': False, 'cmake_clean_first': False, 'cmake_force_configure': False, 'cmake_target': None, 'cmake_target_skip_unavailable': False, 'install_base': '/home/pkotta/ros2_ws/src/ros-task/install/limo_control', 'merge_install': False, 'path': '/home/pkotta/ros2_ws/src/ros-task/workspace/limo_control', 'symlink_install': False, 'test_result_base': None}
[0.694s] Level 5:colcon.colcon_core.verb:set package 'limo_simulation' build argument 'cmake_args' from command line to 'None'
[0.694s] Level 5:colcon.colcon_core.verb:set package 'limo_simulation' build argument 'cmake_target' from command line to 'None'
[0.694s] Level 5:colcon.colcon_core.verb:set package 'limo_simulation' build argument 'cmake_target_skip_unavailable' from command line to 'False'
[0.694s] Level 5:colcon.colcon_core.verb:set package 'limo_simulation' build argument 'cmake_clean_cache' from command line to 'False'
[0.694s] Level 5:colcon.colcon_core.verb:set package 'limo_simulation' build argument 'cmake_clean_first' from command line to 'False'
[0.694s] Level 5:colcon.colcon_core.verb:set package 'limo_simulation' build argument 'cmake_force_configure' from command line to 'False'
[0.694s] Level 5:colcon.colcon_core.verb:set package 'limo_simulation' build argument 'ament_cmake_args' from command line to 'None'
[0.694s] Level 5:colcon.colcon_core.verb:set package 'limo_simulation' build argument 'catkin_cmake_args' from command line to 'None'
[0.694s] Level 5:colcon.colcon_core.verb:set package 'limo_simulation' build argument 'catkin_skip_building_tests' from command line to 'False'
[0.694s] DEBUG:colcon.colcon_core.verb:Building package 'limo_simulation' with the following arguments: {'ament_cmake_args': None, 'build_base': '/home/pkotta/ros2_ws/src/ros-task/build/limo_simulation', 'catkin_cmake_args': None, 'catkin_skip_building_tests': False, 'cmake_args': None, 'cmake_clean_cache': False, 'cmake_clean_first': False, 'cmake_force_configure': False, 'cmake_target': None, 'cmake_target_skip_unavailable': False, 'install_base': '/home/pkotta/ros2_ws/src/ros-task/install/limo_simulation', 'merge_install': False, 'path': '/home/pkotta/ros2_ws/src/ros-task/workspace/limo_simulation', 'symlink_install': False, 'test_result_base': None}
[0.694s] INFO:colcon.colcon_core.executor:Executing jobs using 'parallel' executor
[0.696s] DEBUG:colcon.colcon_parallel_executor.executor.parallel:run_until_complete
[0.696s] INFO:colcon.colcon_ros.task.ament_cmake.build:Building ROS package in '/home/pkotta/ros2_ws/src/ros-task/workspace/limo_control' with build type 'ament_cmake'
[0.696s] INFO:colcon.colcon_cmake.task.cmake.build:Building CMake package in '/home/pkotta/ros2_ws/src/ros-task/workspace/limo_control'
[0.701s] INFO:colcon.colcon_core.plugin_system:Skipping extension 'colcon_core.shell.bat': Not used on non-Windows systems
[0.701s] INFO:colcon.colcon_core.shell:Skip shell extension 'powershell' for command environment: Not usable outside of PowerShell
[0.701s] DEBUG:colcon.colcon_core.shell:Skip shell extension 'dsv' for command environment
[0.708s] INFO:colcon.colcon_ros.task.ament_cmake.build:Building ROS package in '/home/pkotta/ros2_ws/src/ros-task/workspace/limo_simulation' with build type 'ament_cmake'
[0.708s] INFO:colcon.colcon_cmake.task.cmake.build:Building CMake package in '/home/pkotta/ros2_ws/src/ros-task/workspace/limo_simulation'
[0.709s] INFO:colcon.colcon_core.shell:Skip shell extension 'powershell' for command environment: Not usable outside of PowerShell
[0.709s] DEBUG:colcon.colcon_core.shell:Skip shell extension 'dsv' for command environment
[0.727s] DEBUG:colcon.colcon_core.event_handler.log_command:Invoking command in '/home/pkotta/ros2_ws/src/ros-task/build/limo_control': CMAKE_PREFIX_PATH=/opt/ros/humble /usr/bin/cmake --build /home/pkotta/ros2_ws/src/ros-task/build/limo_control -- -j20 -l20
[0.746s] DEBUG:colcon.colcon_core.event_handler.log_command:Invoking command in '/home/pkotta/ros2_ws/src/ros-task/build/limo_simulation': CMAKE_PREFIX_PATH=/opt/ros/humble /usr/bin/cmake --build /home/pkotta/ros2_ws/src/ros-task/build/limo_simulation -- -j20 -l20
[0.795s] DEBUG:colcon.colcon_core.event_handler.log_command:Invoked command in '/home/pkotta/ros2_ws/src/ros-task/build/limo_simulation' returned '0': CMAKE_PREFIX_PATH=/opt/ros/humble /usr/bin/cmake --build /home/pkotta/ros2_ws/src/ros-task/build/limo_simulation -- -j20 -l20
[0.819s] DEBUG:colcon.colcon_core.event_handler.log_command:Invoking command in '/home/pkotta/ros2_ws/src/ros-task/build/limo_simulation': CMAKE_PREFIX_PATH=/opt/ros/humble /usr/bin/cmake --install /home/pkotta/ros2_ws/src/ros-task/build/limo_simulation
[0.831s] Level 1:colcon.colcon_core.environment:create_environment_scripts_only(limo_simulation)
[0.832s] DEBUG:colcon.colcon_core.event_handler.log_command:Invoked command in '/home/pkotta/ros2_ws/src/ros-task/build/limo_simulation' returned '0': CMAKE_PREFIX_PATH=/opt/ros/humble /usr/bin/cmake --install /home/pkotta/ros2_ws/src/ros-task/build/limo_simulation
[0.835s] Level 1:colcon.colcon_core.environment:checking '/home/pkotta/ros2_ws/src/ros-task/install/limo_simulation' for CMake module files
[0.836s] Level 1:colcon.colcon_core.environment:checking '/home/pkotta/ros2_ws/src/ros-task/install/limo_simulation' for CMake config files
[0.836s] Level 1:colcon.colcon_core.shell:create_environment_hook('limo_simulation', 'cmake_prefix_path')
[0.837s] INFO:colcon.colcon_core.shell:Creating environment hook '/home/pkotta/ros2_ws/src/ros-task/install/limo_simulation/share/limo_simulation/hook/cmake_prefix_path.ps1'
[0.838s] INFO:colcon.colcon_core.shell:Creating environment descriptor '/home/pkotta/ros2_ws/src/ros-task/install/limo_simulation/share/limo_simulation/hook/cmake_prefix_path.dsv'
[0.839s] INFO:colcon.colcon_core.shell:Creating environment hook '/home/pkotta/ros2_ws/src/ros-task/install/limo_simulation/share/limo_simulation/hook/cmake_prefix_path.sh'
[0.841s] Level 1:colcon.colcon_core.environment:checking '/home/pkotta/ros2_ws/src/ros-task/install/limo_simulation/bin'
[0.841s] Level 1:colcon.colcon_core.environment:checking '/home/pkotta/ros2_ws/src/ros-task/install/limo_simulation/lib/pkgconfig/limo_simulation.pc'
[0.841s] Level 1:colcon.colcon_core.environment:checking '/home/pkotta/ros2_ws/src/ros-task/install/limo_simulation/lib/python3.10/site-packages'
[0.842s] Level 1:colcon.colcon_core.environment:checking '/home/pkotta/ros2_ws/src/ros-task/install/limo_simulation/bin'
[0.842s] INFO:colcon.colcon_core.shell:Creating package script '/home/pkotta/ros2_ws/src/ros-task/install/limo_simulation/share/limo_simulation/package.ps1'
[0.843s] INFO:colcon.colcon_core.shell:Creating package descriptor '/home/pkotta/ros2_ws/src/ros-task/install/limo_simulation/share/limo_simulation/package.dsv'
[0.844s] INFO:colcon.colcon_core.shell:Creating package script '/home/pkotta/ros2_ws/src/ros-task/install/limo_simulation/share/limo_simulation/package.sh'
[0.845s] INFO:colcon.colcon_core.shell:Creating package script '/home/pkotta/ros2_ws/src/ros-task/install/limo_simulation/share/limo_simulation/package.bash'
[0.846s] INFO:colcon.colcon_core.shell:Creating package script '/home/pkotta/ros2_ws/src/ros-task/install/limo_simulation/share/limo_simulation/package.zsh'
[0.847s] Level 1:colcon.colcon_core.environment:create_file_with_runtime_dependencies(/home/pkotta/ros2_ws/src/ros-task/install/limo_simulation/share/colcon-core/packages/limo_simulation)
[0.848s] Level 1:colcon.colcon_core.environment:create_environment_scripts_only(limo_simulation)
[0.848s] Level 1:colcon.colcon_core.environment:checking '/home/pkotta/ros2_ws/src/ros-task/install/limo_simulation' for CMake module files
[0.849s] Level 1:colcon.colcon_core.environment:checking '/home/pkotta/ros2_ws/src/ros-task/install/limo_simulation' for CMake config files
[0.849s] Level 1:colcon.colcon_core.shell:create_environment_hook('limo_simulation', 'cmake_prefix_path')
[0.850s] INFO:colcon.colcon_core.shell:Creating environment hook '/home/pkotta/ros2_ws/src/ros-task/install/limo_simulation/share/limo_simulation/hook/cmake_prefix_path.ps1'
[0.850s] INFO:colcon.colcon_core.shell:Creating environment descriptor '/home/pkotta/ros2_ws/src/ros-task/install/limo_simulation/share/limo_simulation/hook/cmake_prefix_path.dsv'
[0.850s] INFO:colcon.colcon_core.shell:Creating environment hook '/home/pkotta/ros2_ws/src/ros-task/install/limo_simulation/share/limo_simulation/hook/cmake_prefix_path.sh'
[0.851s] Level 1:colcon.colcon_core.environment:checking '/home/pkotta/ros2_ws/src/ros-task/install/limo_simulation/bin'
[0.851s] Level 1:colcon.colcon_core.environment:checking '/home/pkotta/ros2_ws/src/ros-task/install/limo_simulation/lib/pkgconfig/limo_simulation.pc'
[0.852s] Level 1:colcon.colcon_core.environment:checking '/home/pkotta/ros2_ws/src/ros-task/install/limo_simulation/lib/python3.10/site-packages'
[0.852s] Level 1:colcon.colcon_core.environment:checking '/home/pkotta/ros2_ws/src/ros-task/install/limo_simulation/bin'
[0.852s] INFO:colcon.colcon_core.shell:Creating package script '/home/pkotta/ros2_ws/src/ros-task/install/limo_simulation/share/limo_simulation/package.ps1'
[0.853s] INFO:colcon.colcon_core.shell:Creating package descriptor '/home/pkotta/ros2_ws/src/ros-task/install/limo_simulation/share/limo_simulation/package.dsv'
[0.853s] INFO:colcon.colcon_core.shell:Creating package script '/home/pkotta/ros2_ws/src/ros-task/install/limo_simulation/share/limo_simulation/package.sh'
[0.854s] INFO:colcon.colcon_core.shell:Creating package script '/home/pkotta/ros2_ws/src/ros-task/install/limo_simulation/share/limo_simulation/package.bash'
[0.854s] INFO:colcon.colcon_core.shell:Creating package script '/home/pkotta/ros2_ws/src/ros-task/install/limo_simulation/share/limo_simulation/package.zsh'
[0.855s] Level 1:colcon.colcon_core.environment:create_file_with_runtime_dependencies(/home/pkotta/ros2_ws/src/ros-task/install/limo_simulation/share/colcon-core/packages/limo_simulation)
[12.405s] DEBUG:colcon.colcon_core.event_handler.log_command:Invoked command in '/home/pkotta/ros2_ws/src/ros-task/build/limo_control' returned '0': CMAKE_PREFIX_PATH=/opt/ros/humble /usr/bin/cmake --build /home/pkotta/ros2_ws/src/ros-task/build/limo_control -- -j20 -l20
[12.411s] DEBUG:colcon.colcon_core.event_handler.log_command:Invoking command in '/home/pkotta/ros2_ws/src/ros-task/build/limo_control': CMAKE_PREFIX_PATH=/opt/ros/humble /usr/bin/cmake --install /home/pkotta/ros2_ws/src/ros-task/build/limo_control
[12.435s] Level 1:colcon.colcon_core.environment:create_environment_scripts_only(limo_control)
[12.436s] Level 1:colcon.colcon_core.environment:checking '/home/pkotta/ros2_ws/src/ros-task/install/limo_control' for CMake module files
[12.437s] DEBUG:colcon.colcon_core.event_handler.log_command:Invoked command in '/home/pkotta/ros2_ws/src/ros-task/build/limo_control' returned '0': CMAKE_PREFIX_PATH=/opt/ros/humble /usr/bin/cmake --install /home/pkotta/ros2_ws/src/ros-task/build/limo_control
[12.437s] Level 1:colcon.colcon_core.environment:checking '/home/pkotta/ros2_ws/src/ros-task/install/limo_control' for CMake config files
[12.437s] Level 1:colcon.colcon_core.shell:create_environment_hook('limo_control', 'cmake_prefix_path')
[12.438s] INFO:colcon.colcon_core.shell:Creating environment hook '/home/pkotta/ros2_ws/src/ros-task/install/limo_control/share/limo_control/hook/cmake_prefix_path.ps1'
[12.439s] INFO:colcon.colcon_core.shell:Creating environment descriptor '/home/pkotta/ros2_ws/src/ros-task/install/limo_control/share/limo_control/hook/cmake_prefix_path.dsv'
[12.439s] INFO:colcon.colcon_core.shell:Creating environment hook '/home/pkotta/ros2_ws/src/ros-task/install/limo_control/share/limo_control/hook/cmake_prefix_path.sh'
[12.440s] Level 1:colcon.colcon_core.environment:checking '/home/pkotta/ros2_ws/src/ros-task/install/limo_control/lib'
[12.441s] Level 1:colcon.colcon_core.environment:checking '/home/pkotta/ros2_ws/src/ros-task/install/limo_control/bin'
[12.441s] Level 1:colcon.colcon_core.environment:checking '/home/pkotta/ros2_ws/src/ros-task/install/limo_control/lib/pkgconfig/limo_control.pc'
[12.441s] Level 1:colcon.colcon_core.environment:checking '/home/pkotta/ros2_ws/src/ros-task/install/limo_control/lib/python3.10/site-packages'
[12.442s] Level 1:colcon.colcon_core.environment:checking '/home/pkotta/ros2_ws/src/ros-task/install/limo_control/bin'
[12.442s] INFO:colcon.colcon_core.shell:Creating package script '/home/pkotta/ros2_ws/src/ros-task/install/limo_control/share/limo_control/package.ps1'
[12.442s] INFO:colcon.colcon_core.shell:Creating package descriptor '/home/pkotta/ros2_ws/src/ros-task/install/limo_control/share/limo_control/package.dsv'
[12.443s] INFO:colcon.colcon_core.shell:Creating package script '/home/pkotta/ros2_ws/src/ros-task/install/limo_control/share/limo_control/package.sh'
[12.443s] INFO:colcon.colcon_core.shell:Creating package script '/home/pkotta/ros2_ws/src/ros-task/install/limo_control/share/limo_control/package.bash'
[12.444s] INFO:colcon.colcon_core.shell:Creating package script '/home/pkotta/ros2_ws/src/ros-task/install/limo_control/share/limo_control/package.zsh'
[12.444s] Level 1:colcon.colcon_core.environment:create_file_with_runtime_dependencies(/home/pkotta/ros2_ws/src/ros-task/install/limo_control/share/colcon-core/packages/limo_control)
[12.445s] Level 1:colcon.colcon_core.environment:create_environment_scripts_only(limo_control)
[12.445s] Level 1:colcon.colcon_core.environment:checking '/home/pkotta/ros2_ws/src/ros-task/install/limo_control' for CMake module files
[12.446s] Level 1:colcon.colcon_core.environment:checking '/home/pkotta/ros2_ws/src/ros-task/install/limo_control' for CMake config files
[12.446s] Level 1:colcon.colcon_core.shell:create_environment_hook('limo_control', 'cmake_prefix_path')
[12.446s] INFO:colcon.colcon_core.shell:Creating environment hook '/home/pkotta/ros2_ws/src/ros-task/install/limo_control/share/limo_control/hook/cmake_prefix_path.ps1'
[12.446s] INFO:colcon.colcon_core.shell:Creating environment descriptor '/home/pkotta/ros2_ws/src/ros-task/install/limo_control/share/limo_control/hook/cmake_prefix_path.dsv'
[12.447s] INFO:colcon.colcon_core.shell:Creating environment hook '/home/pkotta/ros2_ws/src/ros-task/install/limo_control/share/limo_control/hook/cmake_prefix_path.sh'
[12.447s] Level 1:colcon.colcon_core.environment:checking '/home/pkotta/ros2_ws/src/ros-task/install/limo_control/lib'
[12.448s] Level 1:colcon.colcon_core.environment:checking '/home/pkotta/ros2_ws/src/ros-task/install/limo_control/bin'
[12.448s] Level 1:colcon.colcon_core.environment:checking '/home/pkotta/ros2_ws/src/ros-task/install/limo_control/lib/pkgconfig/limo_control.pc'
[12.448s] Level 1:colcon.colcon_core.environment:checking '/home/pkotta/ros2_ws/src/ros-task/install/limo_control/lib/python3.10/site-packages'
[12.448s] Level 1:colcon.colcon_core.environment:checking '/home/pkotta/ros2_ws/src/ros-task/install/limo_control/bin'
[12.448s] INFO:colcon.colcon_core.shell:Creating package script '/home/pkotta/ros2_ws/src/ros-task/install/limo_control/share/limo_control/package.ps1'
[12.449s] INFO:colcon.colcon_core.shell:Creating package descriptor '/home/pkotta/ros2_ws/src/ros-task/install/limo_control/share/limo_control/package.dsv'
[12.450s] INFO:colcon.colcon_core.shell:Creating package script '/home/pkotta/ros2_ws/src/ros-task/install/limo_control/share/limo_control/package.sh'
[12.450s] INFO:colcon.colcon_core.shell:Creating package script '/home/pkotta/ros2_ws/src/ros-task/install/limo_control/share/limo_control/package.bash'
[12.451s] INFO:colcon.colcon_core.shell:Creating package script '/home/pkotta/ros2_ws/src/ros-task/install/limo_control/share/limo_control/package.zsh'
[12.451s] Level 1:colcon.colcon_core.environment:create_file_with_runtime_dependencies(/home/pkotta/ros2_ws/src/ros-task/install/limo_control/share/colcon-core/packages/limo_control)
[12.452s] DEBUG:colcon.colcon_parallel_executor.executor.parallel:closing loop
[12.453s] DEBUG:colcon.colcon_parallel_executor.executor.parallel:loop closed
[12.453s] DEBUG:colcon.colcon_parallel_executor.executor.parallel:run_until_complete finished with '0'
[12.453s] DEBUG:colcon.colcon_core.event_reactor:joining thread
[12.522s] INFO:colcon.colcon_core.plugin_system:Skipping extension 'colcon_notification.desktop_notification.notify_send': Could not find 'notify-send'
[12.522s] INFO:colcon.colcon_core.plugin_system:Skipping extension 'colcon_notification.desktop_notification.terminal_notifier': Not used on non-Darwin systems
[12.523s] INFO:colcon.colcon_core.plugin_system:Skipping extension 'colcon_notification.desktop_notification.win32': Not used on non-Windows systems
[12.523s] INFO:colcon.colcon_notification.desktop_notification:Sending desktop notification using 'notify2'
[12.523s] DEBUG:colcon.colcon_notification.desktop_notification.notify2:Failed to initialize notify2: org.freedesktop.DBus.Error.FileNotFound: Failed to connect to socket /run/user/1000/bus: No such file or directory
[12.523s] DEBUG:colcon.colcon_core.event_reactor:joined thread
[12.524s] INFO:colcon.colcon_core.shell:Creating prefix script '/home/pkotta/ros2_ws/src/ros-task/install/local_setup.ps1'
[12.525s] INFO:colcon.colcon_core.shell:Creating prefix util module '/home/pkotta/ros2_ws/src/ros-task/install/_local_setup_util_ps1.py'
[12.526s] INFO:colcon.colcon_core.shell:Creating prefix chain script '/home/pkotta/ros2_ws/src/ros-task/install/setup.ps1'
[12.527s] INFO:colcon.colcon_core.shell:Creating prefix script '/home/pkotta/ros2_ws/src/ros-task/install/local_setup.sh'
[12.528s] INFO:colcon.colcon_core.shell:Creating prefix util module '/home/pkotta/ros2_ws/src/ros-task/install/_local_setup_util_sh.py'
[12.529s] INFO:colcon.colcon_core.shell:Creating prefix chain script '/home/pkotta/ros2_ws/src/ros-task/install/setup.sh'
[12.530s] INFO:colcon.colcon_core.shell:Creating prefix script '/home/pkotta/ros2_ws/src/ros-task/install/local_setup.bash'
[12.530s] INFO:colcon.colcon_core.shell:Creating prefix chain script '/home/pkotta/ros2_ws/src/ros-task/install/setup.bash'
[12.531s] INFO:colcon.colcon_core.shell:Creating prefix script '/home/pkotta/ros2_ws/src/ros-task/install/local_setup.zsh'
[12.532s] INFO:colcon.colcon_core.shell:Creating prefix chain script '/home/pkotta/ros2_ws/src/ros-task/install/setup.zsh'
