[0.042s] Invoking command in '/home/pkotta/ros2_ws/src/ros-task/build/limo_control': CMAKE_PREFIX_PATH=/opt/ros/humble /usr/bin/cmake --build /home/pkotta/ros2_ws/src/ros-task/build/limo_control -- -j20 -l20
[0.245s] [35m[1mConsolidate compiler generated dependencies of target limo_control[0m
[0.292s] [ 50%] [32mBuilding CXX object CMakeFiles/limo_control.dir/limo_controller.cpp.o[0m
[19.200s] [100%] [32m[1mLinking CXX executable limo_control[0m
[21.455s] [100%] Built target limo_control
[21.479s] Invoked command in '/home/pkotta/ros2_ws/src/ros-task/build/limo_control' returned '0': CMAKE_PREFIX_PATH=/opt/ros/humble /usr/bin/cmake --build /home/pkotta/ros2_ws/src/ros-task/build/limo_control -- -j20 -l20
[21.489s] Invoking command in '/home/pkotta/ros2_ws/src/ros-task/build/limo_control': CMAKE_PREFIX_PATH=/opt/ros/humble /usr/bin/cmake --install /home/pkotta/ros2_ws/src/ros-task/build/limo_control
[21.500s] -- Install configuration: ""
[21.502s] -- Installing: /home/pkotta/ros2_ws/src/ros-task/install/limo_control/lib/limo_control/limo_control
[21.528s] -- Set runtime path of "/home/pkotta/ros2_ws/src/ros-task/install/limo_control/lib/limo_control/limo_control" to ""
[21.528s] -- Up-to-date: /home/pkotta/ros2_ws/src/ros-task/install/limo_control/share/limo_control/launch
[21.530s] -- Up-to-date: /home/pkotta/ros2_ws/src/ros-task/install/limo_control/share/limo_control/launch/launch_for_controller.py
[21.531s] -- Up-to-date: /home/pkotta/ros2_ws/src/ros-task/install/limo_control/share/ament_index/resource_index/package_run_dependencies/limo_control
[21.532s] -- Up-to-date: /home/pkotta/ros2_ws/src/ros-task/install/limo_control/share/ament_index/resource_index/parent_prefix_path/limo_control
[21.532s] -- Up-to-date: /home/pkotta/ros2_ws/src/ros-task/install/limo_control/share/limo_control/environment/ament_prefix_path.sh
[21.533s] -- Up-to-date: /home/pkotta/ros2_ws/src/ros-task/install/limo_control/share/limo_control/environment/ament_prefix_path.dsv
[21.534s] -- Up-to-date: /home/pkotta/ros2_ws/src/ros-task/install/limo_control/share/limo_control/environment/path.sh
[21.534s] -- Up-to-date: /home/pkotta/ros2_ws/src/ros-task/install/limo_control/share/limo_control/environment/path.dsv
[21.534s] -- Up-to-date: /home/pkotta/ros2_ws/src/ros-task/install/limo_control/share/limo_control/local_setup.bash
[21.534s] -- Up-to-date: /home/pkotta/ros2_ws/src/ros-task/install/limo_control/share/limo_control/local_setup.sh
[21.534s] -- Up-to-date: /home/pkotta/ros2_ws/src/ros-task/install/limo_control/share/limo_control/local_setup.zsh
[21.534s] -- Up-to-date: /home/pkotta/ros2_ws/src/ros-task/install/limo_control/share/limo_control/local_setup.dsv
[21.535s] -- Installing: /home/pkotta/ros2_ws/src/ros-task/install/limo_control/share/limo_control/package.dsv
[21.535s] -- Up-to-date: /home/pkotta/ros2_ws/src/ros-task/install/limo_control/share/ament_index/resource_index/packages/limo_control
[21.536s] -- Up-to-date: /home/pkotta/ros2_ws/src/ros-task/install/limo_control/share/limo_control/cmake/limo_controlConfig.cmake
[21.536s] -- Up-to-date: /home/pkotta/ros2_ws/src/ros-task/install/limo_control/share/limo_control/cmake/limo_controlConfig-version.cmake
[21.536s] -- Up-to-date: /home/pkotta/ros2_ws/src/ros-task/install/limo_control/share/limo_control/package.xml
[21.540s] Invoked command in '/home/pkotta/ros2_ws/src/ros-task/build/limo_control' returned '0': CMAKE_PREFIX_PATH=/opt/ros/humble /usr/bin/cmake --install /home/pkotta/ros2_ws/src/ros-task/build/limo_control
