[0.025s] Invoking command in '/home/pkotta/ros2_ws/src/ros-task/workspace/build/limo_simulation': CMAKE_PREFIX_PATH=/opt/ros/humble /usr/bin/cmake /home/pkotta/ros2_ws/src/ros-task/workspace/limo_simulation -DCMAKE_INSTALL_PREFIX=/home/pkotta/ros2_ws/src/ros-task/workspace/install/limo_simulation
[0.292s] -- The C compiler identification is GNU 11.4.0
[0.834s] -- The CXX compiler identification is GNU 11.4.0
[1.199s] -- Detecting C compiler ABI info
[1.343s] -- Detecting C compiler ABI info - done
[1.350s] -- Check for working C compiler: /usr/bin/cc - skipped
[1.350s] -- Detecting C compile features
[1.351s] -- Detecting C compile features - done
[1.355s] -- Detecting CXX compiler ABI info
[1.506s] -- Detecting CXX compiler ABI info - done
[1.514s] -- Check for working CXX compiler: /usr/bin/c++ - skipped
[1.514s] -- Detecting CXX compile features
[1.515s] -- Detecting CXX compile features - done
[1.525s] -- Found ament_cmake: 1.3.11 (/opt/ros/humble/share/ament_cmake/cmake)
[1.677s] -- Found Python3: /usr/bin/python3 (found version "3.10.12") found components: Interpreter 
[1.792s] -- Found urdf: 2.6.1 (/opt/ros/humble/share/urdf/cmake)
[3.462s] -- Configuring done
[3.465s] -- Generating done
[3.467s] -- Build files have been written to: /home/pkotta/ros2_ws/src/ros-task/workspace/build/limo_simulation
[3.473s] Invoked command in '/home/pkotta/ros2_ws/src/ros-task/workspace/build/limo_simulation' returned '0': CMAKE_PREFIX_PATH=/opt/ros/humble /usr/bin/cmake /home/pkotta/ros2_ws/src/ros-task/workspace/limo_simulation -DCMAKE_INSTALL_PREFIX=/home/pkotta/ros2_ws/src/ros-task/workspace/install/limo_simulation
[3.475s] Invoking command in '/home/pkotta/ros2_ws/src/ros-task/workspace/build/limo_simulation': CMAKE_PREFIX_PATH=/opt/ros/humble /usr/bin/cmake --build /home/pkotta/ros2_ws/src/ros-task/workspace/build/limo_simulation -- -j20 -l20
[3.506s] Invoked command in '/home/pkotta/ros2_ws/src/ros-task/workspace/build/limo_simulation' returned '0': CMAKE_PREFIX_PATH=/opt/ros/humble /usr/bin/cmake --build /home/pkotta/ros2_ws/src/ros-task/workspace/build/limo_simulation -- -j20 -l20
[3.515s] Invoking command in '/home/pkotta/ros2_ws/src/ros-task/workspace/build/limo_simulation': CMAKE_PREFIX_PATH=/opt/ros/humble /usr/bin/cmake --install /home/pkotta/ros2_ws/src/ros-task/workspace/build/limo_simulation
[3.520s] -- Install configuration: ""
[3.520s] -- Installing: /home/pkotta/ros2_ws/src/ros-task/workspace/install/limo_simulation/share/limo_simulation/launch
[3.521s] -- Installing: /home/pkotta/ros2_ws/src/ros-task/workspace/install/limo_simulation/share/limo_simulation/launch/limo.launch.py
[3.521s] -- Installing: /home/pkotta/ros2_ws/src/ros-task/workspace/install/limo_simulation/share/limo_simulation/meshes
[3.522s] -- Installing: /home/pkotta/ros2_ws/src/ros-task/workspace/install/limo_simulation/share/limo_simulation/meshes/limo_wheel.stl
[3.541s] -- Installing: /home/pkotta/ros2_ws/src/ros-task/workspace/install/limo_simulation/share/limo_simulation/meshes/limo_base.stl
[3.608s] -- Installing: /home/pkotta/ros2_ws/src/ros-task/workspace/install/limo_simulation/share/limo_simulation/meshes/limo_base_decimated.dae
[3.613s] -- Installing: /home/pkotta/ros2_ws/src/ros-task/workspace/install/limo_simulation/share/limo_simulation/meshes/limo_wheel.dae
[3.638s] -- Installing: /home/pkotta/ros2_ws/src/ros-task/workspace/install/limo_simulation/share/limo_simulation/meshes/limo_base.dae
[3.724s] -- Installing: /home/pkotta/ros2_ws/src/ros-task/workspace/install/limo_simulation/share/limo_simulation/urdf
[3.724s] -- Installing: /home/pkotta/ros2_ws/src/ros-task/workspace/install/limo_simulation/share/limo_simulation/urdf/limo_four_diff.gazebo
[3.724s] -- Installing: /home/pkotta/ros2_ws/src/ros-task/workspace/install/limo_simulation/share/limo_simulation/urdf/limo_four_diff.xacro
[3.725s] -- Installing: /home/pkotta/ros2_ws/src/ros-task/workspace/install/limo_simulation/share/limo_simulation/urdf/limo_xacro.xacro
[3.725s] -- Installing: /home/pkotta/ros2_ws/src/ros-task/workspace/install/limo_simulation/share/limo_simulation/worlds
[3.725s] -- Installing: /home/pkotta/ros2_ws/src/ros-task/workspace/install/limo_simulation/share/limo_simulation/worlds/empty.sdf
[3.726s] -- Installing: /home/pkotta/ros2_ws/src/ros-task/workspace/install/limo_simulation/share/ament_index/resource_index/package_run_dependencies/limo_simulation
[3.726s] -- Installing: /home/pkotta/ros2_ws/src/ros-task/workspace/install/limo_simulation/share/ament_index/resource_index/parent_prefix_path/limo_simulation
[3.727s] -- Installing: /home/pkotta/ros2_ws/src/ros-task/workspace/install/limo_simulation/share/limo_simulation/environment/ament_prefix_path.sh
[3.727s] -- Installing: /home/pkotta/ros2_ws/src/ros-task/workspace/install/limo_simulation/share/limo_simulation/environment/ament_prefix_path.dsv
[3.727s] -- Installing: /home/pkotta/ros2_ws/src/ros-task/workspace/install/limo_simulation/share/limo_simulation/environment/path.sh
[3.727s] -- Installing: /home/pkotta/ros2_ws/src/ros-task/workspace/install/limo_simulation/share/limo_simulation/environment/path.dsv
[3.728s] -- Installing: /home/pkotta/ros2_ws/src/ros-task/workspace/install/limo_simulation/share/limo_simulation/local_setup.bash
[3.728s] -- Installing: /home/pkotta/ros2_ws/src/ros-task/workspace/install/limo_simulation/share/limo_simulation/local_setup.sh
[3.728s] -- Installing: /home/pkotta/ros2_ws/src/ros-task/workspace/install/limo_simulation/share/limo_simulation/local_setup.zsh
[3.728s] -- Installing: /home/pkotta/ros2_ws/src/ros-task/workspace/install/limo_simulation/share/limo_simulation/local_setup.dsv
[3.728s] -- Installing: /home/pkotta/ros2_ws/src/ros-task/workspace/install/limo_simulation/share/limo_simulation/package.dsv
[3.728s] -- Installing: /home/pkotta/ros2_ws/src/ros-task/workspace/install/limo_simulation/share/ament_index/resource_index/packages/limo_simulation
[3.729s] -- Installing: /home/pkotta/ros2_ws/src/ros-task/workspace/install/limo_simulation/share/limo_simulation/cmake/ament_cmake_export_dependencies-extras.cmake
[3.729s] -- Installing: /home/pkotta/ros2_ws/src/ros-task/workspace/install/limo_simulation/share/limo_simulation/cmake/limo_simulationConfig.cmake
[3.729s] -- Installing: /home/pkotta/ros2_ws/src/ros-task/workspace/install/limo_simulation/share/limo_simulation/cmake/limo_simulationConfig-version.cmake
[3.729s] -- Installing: /home/pkotta/ros2_ws/src/ros-task/workspace/install/limo_simulation/share/limo_simulation/package.xml
[3.731s] Invoked command in '/home/pkotta/ros2_ws/src/ros-task/workspace/build/limo_simulation' returned '0': CMAKE_PREFIX_PATH=/opt/ros/humble /usr/bin/cmake --install /home/pkotta/ros2_ws/src/ros-task/workspace/build/limo_simulation
