[0.028s] Invoking command in '/home/pkotta/ros2_ws/src/ros-task/workspace/build/limo_control': CMAKE_PREFIX_PATH=/opt/ros/humble /usr/bin/cmake /home/pkotta/ros2_ws/src/ros-task/workspace/limo_control -DCMAKE_INSTALL_PREFIX=/home/pkotta/ros2_ws/src/ros-task/workspace/install/limo_control
[0.304s] -- The C compiler identification is GNU 11.4.0
[0.850s] -- The CXX compiler identification is GNU 11.4.0
[1.190s] -- Detecting C compiler ABI info
[1.345s] -- Detecting C compiler ABI info - done
[1.352s] -- Check for working C compiler: /usr/bin/cc - skipped
[1.354s] -- Detecting C compile features
[1.355s] -- Detecting C compile features - done
[1.359s] -- Detecting CXX compiler ABI info
[1.509s] -- Detecting CXX compiler ABI info - done
[1.517s] -- Check for working CXX compiler: /usr/bin/c++ - skipped
[1.517s] -- Detecting CXX compile features
[1.518s] -- Detecting CXX compile features - done
[1.537s] -- Found ament_cmake: 1.3.11 (/opt/ros/humble/share/ament_cmake/cmake)
[1.689s] -- Found Python3: /usr/bin/python3 (found version "3.10.12") found components: Interpreter 
[1.803s] -- Found rclcpp: 16.0.11 (/opt/ros/humble/share/rclcpp/cmake)
[1.969s] -- Found rosidl_generator_c: 3.1.6 (/opt/ros/humble/share/rosidl_generator_c/cmake)
[1.979s] -- Found rosidl_adapter: 3.1.6 (/opt/ros/humble/share/rosidl_adapter/cmake)
[2.000s] -- Found rosidl_generator_cpp: 3.1.6 (/opt/ros/humble/share/rosidl_generator_cpp/cmake)
[2.023s] -- Using all available rosidl_typesupport_c: rosidl_typesupport_fastrtps_c;rosidl_typesupport_introspection_c
[2.046s] -- Using all available rosidl_typesupport_cpp: rosidl_typesupport_fastrtps_cpp;rosidl_typesupport_introspection_cpp
[2.114s] -- Found rmw_implementation_cmake: 6.1.2 (/opt/ros/humble/share/rmw_implementation_cmake/cmake)
[2.119s] -- Found rmw_fastrtps_cpp: 6.2.7 (/opt/ros/humble/share/rmw_fastrtps_cpp/cmake)
[3.595s] -- Found OpenSSL: /usr/lib/x86_64-linux-gnu/libcrypto.so (found version "3.0.2")  
[5.471s] -- Found FastRTPS: /opt/ros/humble/include  
[8.621s] -- Using RMW implementation 'rmw_fastrtps_cpp' as default
[8.634s] -- Looking for pthread.h
[8.826s] -- Looking for pthread.h - found
[8.827s] -- Performing Test CMAKE_HAVE_LIBC_PTHREAD
[9.027s] -- Performing Test CMAKE_HAVE_LIBC_PTHREAD - Success
[9.028s] -- Found Threads: TRUE  
[9.176s] -- Found geometry_msgs: 4.2.4 (/opt/ros/humble/share/geometry_msgs/cmake)
[9.199s] -- Found nav_msgs: 4.2.4 (/opt/ros/humble/share/nav_msgs/cmake)
[9.298s] -- Configuring done
[9.314s] -- Generating done
[9.320s] -- Build files have been written to: /home/pkotta/ros2_ws/src/ros-task/workspace/build/limo_control
[9.331s] Invoked command in '/home/pkotta/ros2_ws/src/ros-task/workspace/build/limo_control' returned '0': CMAKE_PREFIX_PATH=/opt/ros/humble /usr/bin/cmake /home/pkotta/ros2_ws/src/ros-task/workspace/limo_control -DCMAKE_INSTALL_PREFIX=/home/pkotta/ros2_ws/src/ros-task/workspace/install/limo_control
[9.335s] Invoking command in '/home/pkotta/ros2_ws/src/ros-task/workspace/build/limo_control': CMAKE_PREFIX_PATH=/opt/ros/humble /usr/bin/cmake --build /home/pkotta/ros2_ws/src/ros-task/workspace/build/limo_control -- -j20 -l20
[9.388s] [ 50%] [32mBuilding CXX object CMakeFiles/limo_control.dir/limo_controller.cpp.o[0m
[20.440s] [100%] [32m[1mLinking CXX executable limo_control[0m
[21.164s] [100%] Built target limo_control
[21.176s] Invoked command in '/home/pkotta/ros2_ws/src/ros-task/workspace/build/limo_control' returned '0': CMAKE_PREFIX_PATH=/opt/ros/humble /usr/bin/cmake --build /home/pkotta/ros2_ws/src/ros-task/workspace/build/limo_control -- -j20 -l20
[21.179s] Invoking command in '/home/pkotta/ros2_ws/src/ros-task/workspace/build/limo_control': CMAKE_PREFIX_PATH=/opt/ros/humble /usr/bin/cmake --install /home/pkotta/ros2_ws/src/ros-task/workspace/build/limo_control
[21.187s] -- Install configuration: ""
[21.189s] -- Installing: /home/pkotta/ros2_ws/src/ros-task/workspace/install/limo_control/lib/limo_control/limo_control
[21.204s] -- Set runtime path of "/home/pkotta/ros2_ws/src/ros-task/workspace/install/limo_control/lib/limo_control/limo_control" to ""
[21.205s] -- Installing: /home/pkotta/ros2_ws/src/ros-task/workspace/install/limo_control/share/ament_index/resource_index/package_run_dependencies/limo_control
[21.206s] -- Installing: /home/pkotta/ros2_ws/src/ros-task/workspace/install/limo_control/share/ament_index/resource_index/parent_prefix_path/limo_control
[21.206s] -- Installing: /home/pkotta/ros2_ws/src/ros-task/workspace/install/limo_control/share/limo_control/environment/ament_prefix_path.sh
[21.206s] -- Installing: /home/pkotta/ros2_ws/src/ros-task/workspace/install/limo_control/share/limo_control/environment/ament_prefix_path.dsv
[21.207s] -- Installing: /home/pkotta/ros2_ws/src/ros-task/workspace/install/limo_control/share/limo_control/environment/path.sh
[21.207s] -- Installing: /home/pkotta/ros2_ws/src/ros-task/workspace/install/limo_control/share/limo_control/environment/path.dsv
[21.207s] -- Installing: /home/pkotta/ros2_ws/src/ros-task/workspace/install/limo_control/share/limo_control/local_setup.bash
[21.207s] -- Installing: /home/pkotta/ros2_ws/src/ros-task/workspace/install/limo_control/share/limo_control/local_setup.sh
[21.208s] -- Installing: /home/pkotta/ros2_ws/src/ros-task/workspace/install/limo_control/share/limo_control/local_setup.zsh
[21.208s] -- Installing: /home/pkotta/ros2_ws/src/ros-task/workspace/install/limo_control/share/limo_control/local_setup.dsv
[21.209s] -- Installing: /home/pkotta/ros2_ws/src/ros-task/workspace/install/limo_control/share/limo_control/package.dsv
[21.209s] -- Installing: /home/pkotta/ros2_ws/src/ros-task/workspace/install/limo_control/share/ament_index/resource_index/packages/limo_control
[21.209s] -- Installing: /home/pkotta/ros2_ws/src/ros-task/workspace/install/limo_control/share/limo_control/cmake/limo_controlConfig.cmake
[21.209s] -- Installing: /home/pkotta/ros2_ws/src/ros-task/workspace/install/limo_control/share/limo_control/cmake/limo_controlConfig-version.cmake
[21.210s] -- Installing: /home/pkotta/ros2_ws/src/ros-task/workspace/install/limo_control/share/limo_control/package.xml
[21.211s] Invoked command in '/home/pkotta/ros2_ws/src/ros-task/workspace/build/limo_control' returned '0': CMAKE_PREFIX_PATH=/opt/ros/humble /usr/bin/cmake --install /home/pkotta/ros2_ws/src/ros-task/workspace/build/limo_control
