[0.621s] DEBUG:colcon:Command line arguments: ['/usr/bin/colcon', 'build']
[0.622s] DEBUG:colcon:Parsed command line arguments: Namespace(log_base=None, log_level=None, verb_name='build', build_base='build', install_base='install', merge_install=False, symlink_install=False, test_result_base=None, continue_on_error=False, executor='parallel', parallel_workers=20, event_handlers=None, ignore_user_meta=False, metas=['./colcon.meta'], base_paths=['.'], packages_ignore=None, packages_ignore_regex=None, paths=None, packages_up_to=None, packages_up_to_regex=None, packages_above=None, packages_above_and_dependencies=None, packages_above_depth=None, packages_select_by_dep=None, packages_skip_by_dep=None, packages_skip_up_to=None, packages_select_build_failed=False, packages_skip_build_finished=False, packages_select_test_failures=False, packages_skip_test_passed=False, packages_select=None, packages_skip=None, packages_select_regex=None, packages_skip_regex=None, packages_start=None, packages_end=None, allow_overriding=[], cmake_args=None, cmake_target=None, cmake_target_skip_unavailable=False, cmake_clean_cache=False, cmake_clean_first=False, cmake_force_configure=False, ament_cmake_args=None, catkin_cmake_args=None, catkin_skip_building_tests=False, verb_parser=<colcon_defaults.argument_parser.defaults.DefaultArgumentsDecorator object at 0x7f0c362a3040>, verb_extension=<colcon_core.verb.build.BuildVerb object at 0x7f0c362a2020>, main=<bound method BuildVerb.main of <colcon_core.verb.build.BuildVerb object at 0x7f0c362a2020>>)
[0.913s] Level 1:colcon.colcon_core.package_discovery:discover_packages(colcon_meta) check parameters
[0.913s] Level 1:colcon.colcon_core.package_discovery:discover_packages(recursive) check parameters
[0.913s] Level 1:colcon.colcon_core.package_discovery:discover_packages(ignore) check parameters
[0.913s] Level 1:colcon.colcon_core.package_discovery:discover_packages(path) check parameters
[0.913s] Level 1:colcon.colcon_core.package_discovery:discover_packages(colcon_meta) discover
[0.913s] Level 1:colcon.colcon_core.package_discovery:discover_packages(recursive) discover
[0.913s] INFO:colcon.colcon_core.package_discovery:Crawling recursively for packages in '/home/pkotta/ros2_ws/src/ros-task'
[0.914s] Level 1:colcon.colcon_core.package_identification:_identify(.) by extensions ['ignore', 'ignore_ament_install']
[0.914s] Level 1:colcon.colcon_core.package_identification:_identify(.) by extension 'ignore'
[0.914s] Level 1:colcon.colcon_core.package_identification:_identify(.) by extension 'ignore_ament_install'
[0.914s] Level 1:colcon.colcon_core.package_identification:_identify(.) by extensions ['colcon_pkg']
[0.914s] Level 1:colcon.colcon_core.package_identification:_identify(.) by extension 'colcon_pkg'
[0.914s] Level 1:colcon.colcon_core.package_identification:_identify(.) by extensions ['colcon_meta']
[0.914s] Level 1:colcon.colcon_core.package_identification:_identify(.) by extension 'colcon_meta'
[0.914s] Level 1:colcon.colcon_core.package_identification:_identify(.) by extensions ['ros']
[0.914s] Level 1:colcon.colcon_core.package_identification:_identify(.) by extension 'ros'
[0.936s] Level 1:colcon.colcon_core.package_identification:_identify(.) by extensions ['cmake', 'python']
[0.936s] Level 1:colcon.colcon_core.package_identification:_identify(.) by extension 'cmake'
[0.936s] Level 1:colcon.colcon_core.package_identification:_identify(.) by extension 'python'
[0.936s] Level 1:colcon.colcon_core.package_identification:_identify(.) by extensions ['python_setup_py']
[0.936s] Level 1:colcon.colcon_core.package_identification:_identify(.) by extension 'python_setup_py'
[0.936s] Level 1:colcon.colcon_core.package_identification:_identify(build) by extensions ['ignore', 'ignore_ament_install']
[0.936s] Level 1:colcon.colcon_core.package_identification:_identify(build) by extension 'ignore'
[0.936s] Level 1:colcon.colcon_core.package_identification:_identify(build) ignored
[0.937s] Level 1:colcon.colcon_core.package_identification:_identify(docker) by extensions ['ignore', 'ignore_ament_install']
[0.937s] Level 1:colcon.colcon_core.package_identification:_identify(docker) by extension 'ignore'
[0.937s] Level 1:colcon.colcon_core.package_identification:_identify(docker) by extension 'ignore_ament_install'
[0.937s] Level 1:colcon.colcon_core.package_identification:_identify(docker) by extensions ['colcon_pkg']
[0.937s] Level 1:colcon.colcon_core.package_identification:_identify(docker) by extension 'colcon_pkg'
[0.937s] Level 1:colcon.colcon_core.package_identification:_identify(docker) by extensions ['colcon_meta']
[0.937s] Level 1:colcon.colcon_core.package_identification:_identify(docker) by extension 'colcon_meta'
[0.937s] Level 1:colcon.colcon_core.package_identification:_identify(docker) by extensions ['ros']
[0.937s] Level 1:colcon.colcon_core.package_identification:_identify(docker) by extension 'ros'
[0.937s] Level 1:colcon.colcon_core.package_identification:_identify(docker) by extensions ['cmake', 'python']
[0.937s] Level 1:colcon.colcon_core.package_identification:_identify(docker) by extension 'cmake'
[0.937s] Level 1:colcon.colcon_core.package_identification:_identify(docker) by extension 'python'
[0.937s] Level 1:colcon.colcon_core.package_identification:_identify(docker) by extensions ['python_setup_py']
[0.937s] Level 1:colcon.colcon_core.package_identification:_identify(docker) by extension 'python_setup_py'
[0.937s] Level 1:colcon.colcon_core.package_identification:_identify(install) by extensions ['ignore', 'ignore_ament_install']
[0.937s] Level 1:colcon.colcon_core.package_identification:_identify(install) by extension 'ignore'
[0.938s] Level 1:colcon.colcon_core.package_identification:_identify(install) ignored
[0.938s] Level 1:colcon.colcon_core.package_identification:_identify(log) by extensions ['ignore', 'ignore_ament_install']
[0.938s] Level 1:colcon.colcon_core.package_identification:_identify(log) by extension 'ignore'
[0.938s] Level 1:colcon.colcon_core.package_identification:_identify(log) ignored
[0.938s] Level 1:colcon.colcon_core.package_identification:_identify(scripts) by extensions ['ignore', 'ignore_ament_install']
[0.938s] Level 1:colcon.colcon_core.package_identification:_identify(scripts) by extension 'ignore'
[0.938s] Level 1:colcon.colcon_core.package_identification:_identify(scripts) by extension 'ignore_ament_install'
[0.938s] Level 1:colcon.colcon_core.package_identification:_identify(scripts) by extensions ['colcon_pkg']
[0.938s] Level 1:colcon.colcon_core.package_identification:_identify(scripts) by extension 'colcon_pkg'
[0.938s] Level 1:colcon.colcon_core.package_identification:_identify(scripts) by extensions ['colcon_meta']
[0.938s] Level 1:colcon.colcon_core.package_identification:_identify(scripts) by extension 'colcon_meta'
[0.938s] Level 1:colcon.colcon_core.package_identification:_identify(scripts) by extensions ['ros']
[0.938s] Level 1:colcon.colcon_core.package_identification:_identify(scripts) by extension 'ros'
[0.938s] Level 1:colcon.colcon_core.package_identification:_identify(scripts) by extensions ['cmake', 'python']
[0.939s] Level 1:colcon.colcon_core.package_identification:_identify(scripts) by extension 'cmake'
[0.939s] Level 1:colcon.colcon_core.package_identification:_identify(scripts) by extension 'python'
[0.939s] Level 1:colcon.colcon_core.package_identification:_identify(scripts) by extensions ['python_setup_py']
[0.939s] Level 1:colcon.colcon_core.package_identification:_identify(scripts) by extension 'python_setup_py'
[0.939s] Level 1:colcon.colcon_core.package_identification:_identify(scripts/build) by extensions ['ignore', 'ignore_ament_install']
[0.939s] Level 1:colcon.colcon_core.package_identification:_identify(scripts/build) by extension 'ignore'
[0.939s] Level 1:colcon.colcon_core.package_identification:_identify(scripts/build) by extension 'ignore_ament_install'
[0.939s] Level 1:colcon.colcon_core.package_identification:_identify(scripts/build) by extensions ['colcon_pkg']
[0.939s] Level 1:colcon.colcon_core.package_identification:_identify(scripts/build) by extension 'colcon_pkg'
[0.939s] Level 1:colcon.colcon_core.package_identification:_identify(scripts/build) by extensions ['colcon_meta']
[0.939s] Level 1:colcon.colcon_core.package_identification:_identify(scripts/build) by extension 'colcon_meta'
[0.939s] Level 1:colcon.colcon_core.package_identification:_identify(scripts/build) by extensions ['ros']
[0.939s] Level 1:colcon.colcon_core.package_identification:_identify(scripts/build) by extension 'ros'
[0.939s] Level 1:colcon.colcon_core.package_identification:_identify(scripts/build) by extensions ['cmake', 'python']
[0.939s] Level 1:colcon.colcon_core.package_identification:_identify(scripts/build) by extension 'cmake'
[0.939s] Level 1:colcon.colcon_core.package_identification:_identify(scripts/build) by extension 'python'
[0.939s] Level 1:colcon.colcon_core.package_identification:_identify(scripts/build) by extensions ['python_setup_py']
[0.939s] Level 1:colcon.colcon_core.package_identification:_identify(scripts/build) by extension 'python_setup_py'
[0.940s] Level 1:colcon.colcon_core.package_identification:_identify(scripts/deploy) by extensions ['ignore', 'ignore_ament_install']
[0.940s] Level 1:colcon.colcon_core.package_identification:_identify(scripts/deploy) by extension 'ignore'
[0.940s] Level 1:colcon.colcon_core.package_identification:_identify(scripts/deploy) by extension 'ignore_ament_install'
[0.940s] Level 1:colcon.colcon_core.package_identification:_identify(scripts/deploy) by extensions ['colcon_pkg']
[0.940s] Level 1:colcon.colcon_core.package_identification:_identify(scripts/deploy) by extension 'colcon_pkg'
[0.940s] Level 1:colcon.colcon_core.package_identification:_identify(scripts/deploy) by extensions ['colcon_meta']
[0.940s] Level 1:colcon.colcon_core.package_identification:_identify(scripts/deploy) by extension 'colcon_meta'
[0.940s] Level 1:colcon.colcon_core.package_identification:_identify(scripts/deploy) by extensions ['ros']
[0.940s] Level 1:colcon.colcon_core.package_identification:_identify(scripts/deploy) by extension 'ros'
[0.940s] Level 1:colcon.colcon_core.package_identification:_identify(scripts/deploy) by extensions ['cmake', 'python']
[0.940s] Level 1:colcon.colcon_core.package_identification:_identify(scripts/deploy) by extension 'cmake'
[0.940s] Level 1:colcon.colcon_core.package_identification:_identify(scripts/deploy) by extension 'python'
[0.940s] Level 1:colcon.colcon_core.package_identification:_identify(scripts/deploy) by extensions ['python_setup_py']
[0.940s] Level 1:colcon.colcon_core.package_identification:_identify(scripts/deploy) by extension 'python_setup_py'
[0.940s] Level 1:colcon.colcon_core.package_identification:_identify(scripts/setup) by extensions ['ignore', 'ignore_ament_install']
[0.940s] Level 1:colcon.colcon_core.package_identification:_identify(scripts/setup) by extension 'ignore'
[0.941s] Level 1:colcon.colcon_core.package_identification:_identify(scripts/setup) by extension 'ignore_ament_install'
[0.941s] Level 1:colcon.colcon_core.package_identification:_identify(scripts/setup) by extensions ['colcon_pkg']
[0.941s] Level 1:colcon.colcon_core.package_identification:_identify(scripts/setup) by extension 'colcon_pkg'
[0.941s] Level 1:colcon.colcon_core.package_identification:_identify(scripts/setup) by extensions ['colcon_meta']
[0.941s] Level 1:colcon.colcon_core.package_identification:_identify(scripts/setup) by extension 'colcon_meta'
[0.941s] Level 1:colcon.colcon_core.package_identification:_identify(scripts/setup) by extensions ['ros']
[0.941s] Level 1:colcon.colcon_core.package_identification:_identify(scripts/setup) by extension 'ros'
[0.941s] Level 1:colcon.colcon_core.package_identification:_identify(scripts/setup) by extensions ['cmake', 'python']
[0.941s] Level 1:colcon.colcon_core.package_identification:_identify(scripts/setup) by extension 'cmake'
[0.941s] Level 1:colcon.colcon_core.package_identification:_identify(scripts/setup) by extension 'python'
[0.941s] Level 1:colcon.colcon_core.package_identification:_identify(scripts/setup) by extensions ['python_setup_py']
[0.941s] Level 1:colcon.colcon_core.package_identification:_identify(scripts/setup) by extension 'python_setup_py'
[0.941s] Level 1:colcon.colcon_core.package_identification:_identify(workspace) by extensions ['ignore', 'ignore_ament_install']
[0.941s] Level 1:colcon.colcon_core.package_identification:_identify(workspace) by extension 'ignore'
[0.941s] Level 1:colcon.colcon_core.package_identification:_identify(workspace) by extension 'ignore_ament_install'
[0.941s] Level 1:colcon.colcon_core.package_identification:_identify(workspace) by extensions ['colcon_pkg']
[0.942s] Level 1:colcon.colcon_core.package_identification:_identify(workspace) by extension 'colcon_pkg'
[0.942s] Level 1:colcon.colcon_core.package_identification:_identify(workspace) by extensions ['colcon_meta']
[0.942s] Level 1:colcon.colcon_core.package_identification:_identify(workspace) by extension 'colcon_meta'
[0.942s] Level 1:colcon.colcon_core.package_identification:_identify(workspace) by extensions ['ros']
[0.942s] Level 1:colcon.colcon_core.package_identification:_identify(workspace) by extension 'ros'
[0.942s] Level 1:colcon.colcon_core.package_identification:_identify(workspace) by extensions ['cmake', 'python']
[0.942s] Level 1:colcon.colcon_core.package_identification:_identify(workspace) by extension 'cmake'
[0.942s] Level 1:colcon.colcon_core.package_identification:_identify(workspace) by extension 'python'
[0.942s] Level 1:colcon.colcon_core.package_identification:_identify(workspace) by extensions ['python_setup_py']
[0.942s] Level 1:colcon.colcon_core.package_identification:_identify(workspace) by extension 'python_setup_py'
[0.942s] Level 1:colcon.colcon_core.package_identification:_identify(workspace/build) by extensions ['ignore', 'ignore_ament_install']
[0.942s] Level 1:colcon.colcon_core.package_identification:_identify(workspace/build) by extension 'ignore'
[0.942s] Level 1:colcon.colcon_core.package_identification:_identify(workspace/build) ignored
[0.942s] Level 1:colcon.colcon_core.package_identification:_identify(workspace/install) by extensions ['ignore', 'ignore_ament_install']
[0.942s] Level 1:colcon.colcon_core.package_identification:_identify(workspace/install) by extension 'ignore'
[0.943s] Level 1:colcon.colcon_core.package_identification:_identify(workspace/install) ignored
[0.943s] Level 1:colcon.colcon_core.package_identification:_identify(workspace/limo_control) by extensions ['ignore', 'ignore_ament_install']
[0.943s] Level 1:colcon.colcon_core.package_identification:_identify(workspace/limo_control) by extension 'ignore'
[0.943s] Level 1:colcon.colcon_core.package_identification:_identify(workspace/limo_control) by extension 'ignore_ament_install'
[0.943s] Level 1:colcon.colcon_core.package_identification:_identify(workspace/limo_control) by extensions ['colcon_pkg']
[0.943s] Level 1:colcon.colcon_core.package_identification:_identify(workspace/limo_control) by extension 'colcon_pkg'
[0.943s] Level 1:colcon.colcon_core.package_identification:_identify(workspace/limo_control) by extensions ['colcon_meta']
[0.943s] Level 1:colcon.colcon_core.package_identification:_identify(workspace/limo_control) by extension 'colcon_meta'
[0.943s] Level 1:colcon.colcon_core.package_identification:_identify(workspace/limo_control) by extensions ['ros']
[0.943s] Level 1:colcon.colcon_core.package_identification:_identify(workspace/limo_control) by extension 'ros'
[0.947s] DEBUG:colcon.colcon_core.package_identification:Package 'workspace/limo_control' with type 'ros.ament_cmake' and name 'limo_control'
[0.947s] Level 1:colcon.colcon_core.package_identification:_identify(workspace/limo_simulation) by extensions ['ignore', 'ignore_ament_install']
[0.947s] Level 1:colcon.colcon_core.package_identification:_identify(workspace/limo_simulation) by extension 'ignore'
[0.947s] Level 1:colcon.colcon_core.package_identification:_identify(workspace/limo_simulation) by extension 'ignore_ament_install'
[0.947s] Level 1:colcon.colcon_core.package_identification:_identify(workspace/limo_simulation) by extensions ['colcon_pkg']
[0.947s] Level 1:colcon.colcon_core.package_identification:_identify(workspace/limo_simulation) by extension 'colcon_pkg'
[0.947s] Level 1:colcon.colcon_core.package_identification:_identify(workspace/limo_simulation) by extensions ['colcon_meta']
[0.947s] Level 1:colcon.colcon_core.package_identification:_identify(workspace/limo_simulation) by extension 'colcon_meta'
[0.947s] Level 1:colcon.colcon_core.package_identification:_identify(workspace/limo_simulation) by extensions ['ros']
[0.947s] Level 1:colcon.colcon_core.package_identification:_identify(workspace/limo_simulation) by extension 'ros'
[0.948s] DEBUG:colcon.colcon_core.package_identification:Package 'workspace/limo_simulation' with type 'ros.ament_cmake' and name 'limo_simulation'
[0.949s] Level 1:colcon.colcon_core.package_identification:_identify(workspace/log) by extensions ['ignore', 'ignore_ament_install']
[0.949s] Level 1:colcon.colcon_core.package_identification:_identify(workspace/log) by extension 'ignore'
[0.949s] Level 1:colcon.colcon_core.package_identification:_identify(workspace/log) ignored
[0.949s] Level 1:colcon.colcon_core.package_discovery:discover_packages(recursive) using defaults
[0.949s] Level 1:colcon.colcon_core.package_discovery:discover_packages(ignore) discover
[0.949s] Level 1:colcon.colcon_core.package_discovery:discover_packages(ignore) using defaults
[0.949s] Level 1:colcon.colcon_core.package_discovery:discover_packages(path) discover
[0.949s] Level 1:colcon.colcon_core.package_discovery:discover_packages(path) using defaults
[0.986s] Level 1:colcon.colcon_core.package_discovery:discover_packages(prefix_path) check parameters
[0.986s] Level 1:colcon.colcon_core.package_discovery:discover_packages(prefix_path) discover
[0.990s] DEBUG:colcon.colcon_installed_package_information.package_discovery:Found 307 installed packages in /opt/ros/humble
[1.011s] Level 1:colcon.colcon_core.package_discovery:discover_packages(prefix_path) using defaults
[1.088s] Level 5:colcon.colcon_core.verb:set package 'limo_control' build argument 'cmake_args' from command line to 'None'
[1.089s] Level 5:colcon.colcon_core.verb:set package 'limo_control' build argument 'cmake_target' from command line to 'None'
[1.089s] Level 5:colcon.colcon_core.verb:set package 'limo_control' build argument 'cmake_target_skip_unavailable' from command line to 'False'
[1.089s] Level 5:colcon.colcon_core.verb:set package 'limo_control' build argument 'cmake_clean_cache' from command line to 'False'
[1.089s] Level 5:colcon.colcon_core.verb:set package 'limo_control' build argument 'cmake_clean_first' from command line to 'False'
[1.089s] Level 5:colcon.colcon_core.verb:set package 'limo_control' build argument 'cmake_force_configure' from command line to 'False'
[1.089s] Level 5:colcon.colcon_core.verb:set package 'limo_control' build argument 'ament_cmake_args' from command line to 'None'
[1.089s] Level 5:colcon.colcon_core.verb:set package 'limo_control' build argument 'catkin_cmake_args' from command line to 'None'
[1.089s] Level 5:colcon.colcon_core.verb:set package 'limo_control' build argument 'catkin_skip_building_tests' from command line to 'False'
[1.089s] DEBUG:colcon.colcon_core.verb:Building package 'limo_control' with the following arguments: {'ament_cmake_args': None, 'build_base': '/home/pkotta/ros2_ws/src/ros-task/build/limo_control', 'catkin_cmake_args': None, 'catkin_skip_building_tests': False, 'cmake_args': None, 'cmake_clean_cache': False, 'cmake_clean_first': False, 'cmake_force_configure': False, 'cmake_target': None, 'cmake_target_skip_unavailable': False, 'install_base': '/home/pkotta/ros2_ws/src/ros-task/install/limo_control', 'merge_install': False, 'path': '/home/pkotta/ros2_ws/src/ros-task/workspace/limo_control', 'symlink_install': False, 'test_result_base': None}
[1.090s] Level 5:colcon.colcon_core.verb:set package 'limo_simulation' build argument 'cmake_args' from command line to 'None'
[1.090s] Level 5:colcon.colcon_core.verb:set package 'limo_simulation' build argument 'cmake_target' from command line to 'None'
[1.090s] Level 5:colcon.colcon_core.verb:set package 'limo_simulation' build argument 'cmake_target_skip_unavailable' from command line to 'False'
[1.090s] Level 5:colcon.colcon_core.verb:set package 'limo_simulation' build argument 'cmake_clean_cache' from command line to 'False'
[1.090s] Level 5:colcon.colcon_core.verb:set package 'limo_simulation' build argument 'cmake_clean_first' from command line to 'False'
[1.090s] Level 5:colcon.colcon_core.verb:set package 'limo_simulation' build argument 'cmake_force_configure' from command line to 'False'
[1.090s] Level 5:colcon.colcon_core.verb:set package 'limo_simulation' build argument 'ament_cmake_args' from command line to 'None'
[1.090s] Level 5:colcon.colcon_core.verb:set package 'limo_simulation' build argument 'catkin_cmake_args' from command line to 'None'
[1.090s] Level 5:colcon.colcon_core.verb:set package 'limo_simulation' build argument 'catkin_skip_building_tests' from command line to 'False'
[1.090s] DEBUG:colcon.colcon_core.verb:Building package 'limo_simulation' with the following arguments: {'ament_cmake_args': None, 'build_base': '/home/pkotta/ros2_ws/src/ros-task/build/limo_simulation', 'catkin_cmake_args': None, 'catkin_skip_building_tests': False, 'cmake_args': None, 'cmake_clean_cache': False, 'cmake_clean_first': False, 'cmake_force_configure': False, 'cmake_target': None, 'cmake_target_skip_unavailable': False, 'install_base': '/home/pkotta/ros2_ws/src/ros-task/install/limo_simulation', 'merge_install': False, 'path': '/home/pkotta/ros2_ws/src/ros-task/workspace/limo_simulation', 'symlink_install': False, 'test_result_base': None}
[1.091s] INFO:colcon.colcon_core.executor:Executing jobs using 'parallel' executor
[1.093s] DEBUG:colcon.colcon_parallel_executor.executor.parallel:run_until_complete
[1.094s] INFO:colcon.colcon_ros.task.ament_cmake.build:Building ROS package in '/home/pkotta/ros2_ws/src/ros-task/workspace/limo_control' with build type 'ament_cmake'
[1.095s] INFO:colcon.colcon_cmake.task.cmake.build:Building CMake package in '/home/pkotta/ros2_ws/src/ros-task/workspace/limo_control'
[1.098s] INFO:colcon.colcon_core.plugin_system:Skipping extension 'colcon_core.shell.bat': Not used on non-Windows systems
[1.098s] INFO:colcon.colcon_core.shell:Skip shell extension 'powershell' for command environment: Not usable outside of PowerShell
[1.098s] DEBUG:colcon.colcon_core.shell:Skip shell extension 'dsv' for command environment
[1.105s] INFO:colcon.colcon_ros.task.ament_cmake.build:Building ROS package in '/home/pkotta/ros2_ws/src/ros-task/workspace/limo_simulation' with build type 'ament_cmake'
[1.106s] INFO:colcon.colcon_cmake.task.cmake.build:Building CMake package in '/home/pkotta/ros2_ws/src/ros-task/workspace/limo_simulation'
[1.106s] INFO:colcon.colcon_core.shell:Skip shell extension 'powershell' for command environment: Not usable outside of PowerShell
[1.106s] DEBUG:colcon.colcon_core.shell:Skip shell extension 'dsv' for command environment
[1.131s] DEBUG:colcon.colcon_core.event_handler.log_command:Invoking command in '/home/pkotta/ros2_ws/src/ros-task/build/limo_control': CMAKE_PREFIX_PATH=/opt/ros/humble /usr/bin/cmake --build /home/pkotta/ros2_ws/src/ros-task/build/limo_control -- -j20 -l20
[1.143s] DEBUG:colcon.colcon_core.event_handler.log_command:Invoking command in '/home/pkotta/ros2_ws/src/ros-task/build/limo_simulation': CMAKE_PREFIX_PATH=/opt/ros/humble /usr/bin/cmake --build /home/pkotta/ros2_ws/src/ros-task/build/limo_simulation -- -j20 -l20
[1.196s] DEBUG:colcon.colcon_core.event_handler.log_command:Invoked command in '/home/pkotta/ros2_ws/src/ros-task/build/limo_simulation' returned '0': CMAKE_PREFIX_PATH=/opt/ros/humble /usr/bin/cmake --build /home/pkotta/ros2_ws/src/ros-task/build/limo_simulation -- -j20 -l20
[1.215s] DEBUG:colcon.colcon_core.event_handler.log_command:Invoking command in '/home/pkotta/ros2_ws/src/ros-task/build/limo_simulation': CMAKE_PREFIX_PATH=/opt/ros/humble /usr/bin/cmake --install /home/pkotta/ros2_ws/src/ros-task/build/limo_simulation
[1.232s] Level 1:colcon.colcon_core.environment:create_environment_scripts_only(limo_simulation)
[1.234s] DEBUG:colcon.colcon_core.event_handler.log_command:Invoked command in '/home/pkotta/ros2_ws/src/ros-task/build/limo_simulation' returned '0': CMAKE_PREFIX_PATH=/opt/ros/humble /usr/bin/cmake --install /home/pkotta/ros2_ws/src/ros-task/build/limo_simulation
[1.238s] Level 1:colcon.colcon_core.environment:checking '/home/pkotta/ros2_ws/src/ros-task/install/limo_simulation' for CMake module files
[1.238s] Level 1:colcon.colcon_core.environment:checking '/home/pkotta/ros2_ws/src/ros-task/install/limo_simulation' for CMake config files
[1.239s] Level 1:colcon.colcon_core.shell:create_environment_hook('limo_simulation', 'cmake_prefix_path')
[1.240s] INFO:colcon.colcon_core.shell:Creating environment hook '/home/pkotta/ros2_ws/src/ros-task/install/limo_simulation/share/limo_simulation/hook/cmake_prefix_path.ps1'
[1.241s] INFO:colcon.colcon_core.shell:Creating environment descriptor '/home/pkotta/ros2_ws/src/ros-task/install/limo_simulation/share/limo_simulation/hook/cmake_prefix_path.dsv'
[1.242s] INFO:colcon.colcon_core.shell:Creating environment hook '/home/pkotta/ros2_ws/src/ros-task/install/limo_simulation/share/limo_simulation/hook/cmake_prefix_path.sh'
[1.244s] Level 1:colcon.colcon_core.environment:checking '/home/pkotta/ros2_ws/src/ros-task/install/limo_simulation/bin'
[1.244s] Level 1:colcon.colcon_core.environment:checking '/home/pkotta/ros2_ws/src/ros-task/install/limo_simulation/lib/pkgconfig/limo_simulation.pc'
[1.250s] Level 1:colcon.colcon_core.environment:checking '/home/pkotta/ros2_ws/src/ros-task/install/limo_simulation/lib/python3.10/site-packages'
[1.251s] Level 1:colcon.colcon_core.environment:checking '/home/pkotta/ros2_ws/src/ros-task/install/limo_simulation/bin'
[1.251s] INFO:colcon.colcon_core.shell:Creating package script '/home/pkotta/ros2_ws/src/ros-task/install/limo_simulation/share/limo_simulation/package.ps1'
[1.253s] INFO:colcon.colcon_core.shell:Creating package descriptor '/home/pkotta/ros2_ws/src/ros-task/install/limo_simulation/share/limo_simulation/package.dsv'
[1.255s] INFO:colcon.colcon_core.shell:Creating package script '/home/pkotta/ros2_ws/src/ros-task/install/limo_simulation/share/limo_simulation/package.sh'
[1.256s] INFO:colcon.colcon_core.shell:Creating package script '/home/pkotta/ros2_ws/src/ros-task/install/limo_simulation/share/limo_simulation/package.bash'
[1.258s] INFO:colcon.colcon_core.shell:Creating package script '/home/pkotta/ros2_ws/src/ros-task/install/limo_simulation/share/limo_simulation/package.zsh'
[1.260s] Level 1:colcon.colcon_core.environment:create_file_with_runtime_dependencies(/home/pkotta/ros2_ws/src/ros-task/install/limo_simulation/share/colcon-core/packages/limo_simulation)
[1.261s] Level 1:colcon.colcon_core.environment:create_environment_scripts_only(limo_simulation)
[1.261s] Level 1:colcon.colcon_core.environment:checking '/home/pkotta/ros2_ws/src/ros-task/install/limo_simulation' for CMake module files
[1.262s] Level 1:colcon.colcon_core.environment:checking '/home/pkotta/ros2_ws/src/ros-task/install/limo_simulation' for CMake config files
[1.262s] Level 1:colcon.colcon_core.shell:create_environment_hook('limo_simulation', 'cmake_prefix_path')
[1.262s] INFO:colcon.colcon_core.shell:Creating environment hook '/home/pkotta/ros2_ws/src/ros-task/install/limo_simulation/share/limo_simulation/hook/cmake_prefix_path.ps1'
[1.263s] INFO:colcon.colcon_core.shell:Creating environment descriptor '/home/pkotta/ros2_ws/src/ros-task/install/limo_simulation/share/limo_simulation/hook/cmake_prefix_path.dsv'
[1.264s] INFO:colcon.colcon_core.shell:Creating environment hook '/home/pkotta/ros2_ws/src/ros-task/install/limo_simulation/share/limo_simulation/hook/cmake_prefix_path.sh'
[1.265s] Level 1:colcon.colcon_core.environment:checking '/home/pkotta/ros2_ws/src/ros-task/install/limo_simulation/bin'
[1.265s] Level 1:colcon.colcon_core.environment:checking '/home/pkotta/ros2_ws/src/ros-task/install/limo_simulation/lib/pkgconfig/limo_simulation.pc'
[1.266s] Level 1:colcon.colcon_core.environment:checking '/home/pkotta/ros2_ws/src/ros-task/install/limo_simulation/lib/python3.10/site-packages'
[1.266s] Level 1:colcon.colcon_core.environment:checking '/home/pkotta/ros2_ws/src/ros-task/install/limo_simulation/bin'
[1.267s] INFO:colcon.colcon_core.shell:Creating package script '/home/pkotta/ros2_ws/src/ros-task/install/limo_simulation/share/limo_simulation/package.ps1'
[1.268s] INFO:colcon.colcon_core.shell:Creating package descriptor '/home/pkotta/ros2_ws/src/ros-task/install/limo_simulation/share/limo_simulation/package.dsv'
[1.269s] INFO:colcon.colcon_core.shell:Creating package script '/home/pkotta/ros2_ws/src/ros-task/install/limo_simulation/share/limo_simulation/package.sh'
[1.269s] INFO:colcon.colcon_core.shell:Creating package script '/home/pkotta/ros2_ws/src/ros-task/install/limo_simulation/share/limo_simulation/package.bash'
[1.270s] INFO:colcon.colcon_core.shell:Creating package script '/home/pkotta/ros2_ws/src/ros-task/install/limo_simulation/share/limo_simulation/package.zsh'
[1.272s] Level 1:colcon.colcon_core.environment:create_file_with_runtime_dependencies(/home/pkotta/ros2_ws/src/ros-task/install/limo_simulation/share/colcon-core/packages/limo_simulation)
[21.905s] DEBUG:colcon.colcon_core.event_handler.log_command:Invoked command in '/home/pkotta/ros2_ws/src/ros-task/build/limo_control' returned '0': CMAKE_PREFIX_PATH=/opt/ros/humble /usr/bin/cmake --build /home/pkotta/ros2_ws/src/ros-task/build/limo_control -- -j20 -l20
[21.912s] DEBUG:colcon.colcon_core.event_handler.log_command:Invoking command in '/home/pkotta/ros2_ws/src/ros-task/build/limo_control': CMAKE_PREFIX_PATH=/opt/ros/humble /usr/bin/cmake --install /home/pkotta/ros2_ws/src/ros-task/build/limo_control
[21.952s] Level 1:colcon.colcon_core.environment:create_environment_scripts_only(limo_control)
[21.952s] DEBUG:colcon.colcon_core.event_handler.log_command:Invoked command in '/home/pkotta/ros2_ws/src/ros-task/build/limo_control' returned '0': CMAKE_PREFIX_PATH=/opt/ros/humble /usr/bin/cmake --install /home/pkotta/ros2_ws/src/ros-task/build/limo_control
[21.953s] Level 1:colcon.colcon_core.environment:checking '/home/pkotta/ros2_ws/src/ros-task/install/limo_control' for CMake module files
[21.955s] Level 1:colcon.colcon_core.environment:checking '/home/pkotta/ros2_ws/src/ros-task/install/limo_control' for CMake config files
[21.955s] Level 1:colcon.colcon_core.shell:create_environment_hook('limo_control', 'cmake_prefix_path')
[21.956s] INFO:colcon.colcon_core.shell:Creating environment hook '/home/pkotta/ros2_ws/src/ros-task/install/limo_control/share/limo_control/hook/cmake_prefix_path.ps1'
[21.957s] INFO:colcon.colcon_core.shell:Creating environment descriptor '/home/pkotta/ros2_ws/src/ros-task/install/limo_control/share/limo_control/hook/cmake_prefix_path.dsv'
[21.957s] INFO:colcon.colcon_core.shell:Creating environment hook '/home/pkotta/ros2_ws/src/ros-task/install/limo_control/share/limo_control/hook/cmake_prefix_path.sh'
[21.958s] Level 1:colcon.colcon_core.environment:checking '/home/pkotta/ros2_ws/src/ros-task/install/limo_control/lib'
[21.958s] Level 1:colcon.colcon_core.environment:checking '/home/pkotta/ros2_ws/src/ros-task/install/limo_control/bin'
[21.958s] Level 1:colcon.colcon_core.environment:checking '/home/pkotta/ros2_ws/src/ros-task/install/limo_control/lib/pkgconfig/limo_control.pc'
[21.959s] Level 1:colcon.colcon_core.environment:checking '/home/pkotta/ros2_ws/src/ros-task/install/limo_control/lib/python3.10/site-packages'
[21.959s] Level 1:colcon.colcon_core.environment:checking '/home/pkotta/ros2_ws/src/ros-task/install/limo_control/bin'
[21.960s] INFO:colcon.colcon_core.shell:Creating package script '/home/pkotta/ros2_ws/src/ros-task/install/limo_control/share/limo_control/package.ps1'
[21.960s] INFO:colcon.colcon_core.shell:Creating package descriptor '/home/pkotta/ros2_ws/src/ros-task/install/limo_control/share/limo_control/package.dsv'
[21.961s] INFO:colcon.colcon_core.shell:Creating package script '/home/pkotta/ros2_ws/src/ros-task/install/limo_control/share/limo_control/package.sh'
[21.962s] INFO:colcon.colcon_core.shell:Creating package script '/home/pkotta/ros2_ws/src/ros-task/install/limo_control/share/limo_control/package.bash'
[21.963s] INFO:colcon.colcon_core.shell:Creating package script '/home/pkotta/ros2_ws/src/ros-task/install/limo_control/share/limo_control/package.zsh'
[21.963s] Level 1:colcon.colcon_core.environment:create_file_with_runtime_dependencies(/home/pkotta/ros2_ws/src/ros-task/install/limo_control/share/colcon-core/packages/limo_control)
[21.965s] Level 1:colcon.colcon_core.environment:create_environment_scripts_only(limo_control)
[21.965s] Level 1:colcon.colcon_core.environment:checking '/home/pkotta/ros2_ws/src/ros-task/install/limo_control' for CMake module files
[21.966s] Level 1:colcon.colcon_core.environment:checking '/home/pkotta/ros2_ws/src/ros-task/install/limo_control' for CMake config files
[21.966s] Level 1:colcon.colcon_core.shell:create_environment_hook('limo_control', 'cmake_prefix_path')
[21.966s] INFO:colcon.colcon_core.shell:Creating environment hook '/home/pkotta/ros2_ws/src/ros-task/install/limo_control/share/limo_control/hook/cmake_prefix_path.ps1'
[21.967s] INFO:colcon.colcon_core.shell:Creating environment descriptor '/home/pkotta/ros2_ws/src/ros-task/install/limo_control/share/limo_control/hook/cmake_prefix_path.dsv'
[21.967s] INFO:colcon.colcon_core.shell:Creating environment hook '/home/pkotta/ros2_ws/src/ros-task/install/limo_control/share/limo_control/hook/cmake_prefix_path.sh'
[21.968s] Level 1:colcon.colcon_core.environment:checking '/home/pkotta/ros2_ws/src/ros-task/install/limo_control/lib'
[21.968s] Level 1:colcon.colcon_core.environment:checking '/home/pkotta/ros2_ws/src/ros-task/install/limo_control/bin'
[21.969s] Level 1:colcon.colcon_core.environment:checking '/home/pkotta/ros2_ws/src/ros-task/install/limo_control/lib/pkgconfig/limo_control.pc'
[21.969s] Level 1:colcon.colcon_core.environment:checking '/home/pkotta/ros2_ws/src/ros-task/install/limo_control/lib/python3.10/site-packages'
[21.969s] Level 1:colcon.colcon_core.environment:checking '/home/pkotta/ros2_ws/src/ros-task/install/limo_control/bin'
[21.969s] INFO:colcon.colcon_core.shell:Creating package script '/home/pkotta/ros2_ws/src/ros-task/install/limo_control/share/limo_control/package.ps1'
[21.970s] INFO:colcon.colcon_core.shell:Creating package descriptor '/home/pkotta/ros2_ws/src/ros-task/install/limo_control/share/limo_control/package.dsv'
[21.971s] INFO:colcon.colcon_core.shell:Creating package script '/home/pkotta/ros2_ws/src/ros-task/install/limo_control/share/limo_control/package.sh'
[21.972s] INFO:colcon.colcon_core.shell:Creating package script '/home/pkotta/ros2_ws/src/ros-task/install/limo_control/share/limo_control/package.bash'
[21.972s] INFO:colcon.colcon_core.shell:Creating package script '/home/pkotta/ros2_ws/src/ros-task/install/limo_control/share/limo_control/package.zsh'
[21.973s] Level 1:colcon.colcon_core.environment:create_file_with_runtime_dependencies(/home/pkotta/ros2_ws/src/ros-task/install/limo_control/share/colcon-core/packages/limo_control)
[21.974s] DEBUG:colcon.colcon_parallel_executor.executor.parallel:closing loop
[21.975s] DEBUG:colcon.colcon_parallel_executor.executor.parallel:loop closed
[21.976s] DEBUG:colcon.colcon_parallel_executor.executor.parallel:run_until_complete finished with '0'
[21.976s] DEBUG:colcon.colcon_core.event_reactor:joining thread
[22.087s] INFO:colcon.colcon_core.plugin_system:Skipping extension 'colcon_notification.desktop_notification.notify_send': Could not find 'notify-send'
[22.088s] INFO:colcon.colcon_core.plugin_system:Skipping extension 'colcon_notification.desktop_notification.terminal_notifier': Not used on non-Darwin systems
[22.088s] INFO:colcon.colcon_core.plugin_system:Skipping extension 'colcon_notification.desktop_notification.win32': Not used on non-Windows systems
[22.088s] INFO:colcon.colcon_notification.desktop_notification:Sending desktop notification using 'notify2'
[22.088s] DEBUG:colcon.colcon_notification.desktop_notification.notify2:Failed to initialize notify2: org.freedesktop.DBus.Error.FileNotFound: Failed to connect to socket /run/user/1000/bus: No such file or directory
[22.088s] DEBUG:colcon.colcon_core.event_reactor:joined thread
[22.089s] INFO:colcon.colcon_core.shell:Creating prefix script '/home/pkotta/ros2_ws/src/ros-task/install/local_setup.ps1'
[22.090s] INFO:colcon.colcon_core.shell:Creating prefix util module '/home/pkotta/ros2_ws/src/ros-task/install/_local_setup_util_ps1.py'
[22.092s] INFO:colcon.colcon_core.shell:Creating prefix chain script '/home/pkotta/ros2_ws/src/ros-task/install/setup.ps1'
[22.093s] INFO:colcon.colcon_core.shell:Creating prefix script '/home/pkotta/ros2_ws/src/ros-task/install/local_setup.sh'
[22.094s] INFO:colcon.colcon_core.shell:Creating prefix util module '/home/pkotta/ros2_ws/src/ros-task/install/_local_setup_util_sh.py'
[22.095s] INFO:colcon.colcon_core.shell:Creating prefix chain script '/home/pkotta/ros2_ws/src/ros-task/install/setup.sh'
[22.097s] INFO:colcon.colcon_core.shell:Creating prefix script '/home/pkotta/ros2_ws/src/ros-task/install/local_setup.bash'
[22.098s] INFO:colcon.colcon_core.shell:Creating prefix chain script '/home/pkotta/ros2_ws/src/ros-task/install/setup.bash'
[22.099s] INFO:colcon.colcon_core.shell:Creating prefix script '/home/pkotta/ros2_ws/src/ros-task/install/local_setup.zsh'
[22.100s] INFO:colcon.colcon_core.shell:Creating prefix chain script '/home/pkotta/ros2_ws/src/ros-task/install/setup.zsh'
