-- Install configuration: ""
-- Up-to-date: /home/pkotta/ros2_ws/src/ros-task/install/limo_simulation/share/limo_simulation/launch
-- Installing: /home/pkotta/ros2_ws/src/ros-task/install/limo_simulation/share/limo_simulation/launch/limo.launch.py
-- Up-to-date: /home/pkotta/ros2_ws/src/ros-task/install/limo_simulation/share/limo_simulation/meshes
-- Up-to-date: /home/pkotta/ros2_ws/src/ros-task/install/limo_simulation/share/limo_simulation/meshes/limo_wheel.stl
-- Up-to-date: /home/pkotta/ros2_ws/src/ros-task/install/limo_simulation/share/limo_simulation/meshes/limo_base.stl
-- Up-to-date: /home/pkotta/ros2_ws/src/ros-task/install/limo_simulation/share/limo_simulation/meshes/limo_base_decimated.dae
-- Up-to-date: /home/pkotta/ros2_ws/src/ros-task/install/limo_simulation/share/limo_simulation/meshes/limo_wheel.dae
-- Up-to-date: /home/pkotta/ros2_ws/src/ros-task/install/limo_simulation/share/limo_simulation/meshes/limo_base.dae
-- Up-to-date: /home/pkotta/ros2_ws/src/ros-task/install/limo_simulation/share/limo_simulation/urdf
-- Up-to-date: /home/pkotta/ros2_ws/src/ros-task/install/limo_simulation/share/limo_simulation/urdf/limo_four_diff.gazebo
-- Up-to-date: /home/pkotta/ros2_ws/src/ros-task/install/limo_simulation/share/limo_simulation/urdf/limo_four_diff.xacro
-- Up-to-date: /home/pkotta/ros2_ws/src/ros-task/install/limo_simulation/share/limo_simulation/urdf/limo_xacro.xacro
-- Up-to-date: /home/pkotta/ros2_ws/src/ros-task/install/limo_simulation/share/limo_simulation/worlds
-- Up-to-date: /home/pkotta/ros2_ws/src/ros-task/install/limo_simulation/share/limo_simulation/worlds/empty.sdf
-- Up-to-date: /home/pkotta/ros2_ws/src/ros-task/install/limo_simulation/share/ament_index/resource_index/package_run_dependencies/limo_simulation
-- Up-to-date: /home/pkotta/ros2_ws/src/ros-task/install/limo_simulation/share/ament_index/resource_index/parent_prefix_path/limo_simulation
-- Up-to-date: /home/pkotta/ros2_ws/src/ros-task/install/limo_simulation/share/limo_simulation/environment/ament_prefix_path.sh
-- Up-to-date: /home/pkotta/ros2_ws/src/ros-task/install/limo_simulation/share/limo_simulation/environment/ament_prefix_path.dsv
-- Up-to-date: /home/pkotta/ros2_ws/src/ros-task/install/limo_simulation/share/limo_simulation/environment/path.sh
-- Up-to-date: /home/pkotta/ros2_ws/src/ros-task/install/limo_simulation/share/limo_simulation/environment/path.dsv
-- Up-to-date: /home/pkotta/ros2_ws/src/ros-task/install/limo_simulation/share/limo_simulation/local_setup.bash
-- Up-to-date: /home/pkotta/ros2_ws/src/ros-task/install/limo_simulation/share/limo_simulation/local_setup.sh
-- Up-to-date: /home/pkotta/ros2_ws/src/ros-task/install/limo_simulation/share/limo_simulation/local_setup.zsh
-- Up-to-date: /home/pkotta/ros2_ws/src/ros-task/install/limo_simulation/share/limo_simulation/local_setup.dsv
-- Installing: /home/pkotta/ros2_ws/src/ros-task/install/limo_simulation/share/limo_simulation/package.dsv
-- Up-to-date: /home/pkotta/ros2_ws/src/ros-task/install/limo_simulation/share/ament_index/resource_index/packages/limo_simulation
-- Up-to-date: /home/pkotta/ros2_ws/src/ros-task/install/limo_simulation/share/limo_simulation/cmake/ament_cmake_export_dependencies-extras.cmake
-- Up-to-date: /home/pkotta/ros2_ws/src/ros-task/install/limo_simulation/share/limo_simulation/cmake/limo_simulationConfig.cmake
-- Up-to-date: /home/pkotta/ros2_ws/src/ros-task/install/limo_simulation/share/limo_simulation/cmake/limo_simulationConfig-version.cmake
-- Up-to-date: /home/pkotta/ros2_ws/src/ros-task/install/limo_simulation/share/limo_simulation/package.xml
