[0.366s] DEBUG:colcon:Command line arguments: ['/usr/bin/colcon', 'build']
[0.366s] DEBUG:colcon:Parsed command line arguments: Namespace(log_base=None, log_level=None, verb_name='build', build_base='build', install_base='install', merge_install=False, symlink_install=False, test_result_base=None, continue_on_error=False, executor='parallel', parallel_workers=20, event_handlers=None, ignore_user_meta=False, metas=['./colcon.meta'], base_paths=['.'], packages_ignore=None, packages_ignore_regex=None, paths=None, packages_up_to=None, packages_up_to_regex=None, packages_above=None, packages_above_and_dependencies=None, packages_above_depth=None, packages_select_by_dep=None, packages_skip_by_dep=None, packages_skip_up_to=None, packages_select_build_failed=False, packages_skip_build_finished=False, packages_select_test_failures=False, packages_skip_test_passed=False, packages_select=None, packages_skip=None, packages_select_regex=None, packages_skip_regex=None, packages_start=None, packages_end=None, allow_overriding=[], cmake_args=None, cmake_target=None, cmake_target_skip_unavailable=False, cmake_clean_cache=False, cmake_clean_first=False, cmake_force_configure=False, ament_cmake_args=None, catkin_cmake_args=None, catkin_skip_building_tests=False, verb_parser=<colcon_defaults.argument_parser.defaults.DefaultArgumentsDecorator object at 0x7f7b3619b0a0>, verb_extension=<colcon_core.verb.build.BuildVerb object at 0x7f7b3619a080>, main=<bound method BuildVerb.main of <colcon_core.verb.build.BuildVerb object at 0x7f7b3619a080>>)
[0.616s] Level 1:colcon.colcon_core.package_discovery:discover_packages(colcon_meta) check parameters
[0.616s] Level 1:colcon.colcon_core.package_discovery:discover_packages(recursive) check parameters
[0.616s] Level 1:colcon.colcon_core.package_discovery:discover_packages(ignore) check parameters
[0.616s] Level 1:colcon.colcon_core.package_discovery:discover_packages(path) check parameters
[0.616s] Level 1:colcon.colcon_core.package_discovery:discover_packages(colcon_meta) discover
[0.616s] Level 1:colcon.colcon_core.package_discovery:discover_packages(recursive) discover
[0.616s] INFO:colcon.colcon_core.package_discovery:Crawling recursively for packages in '/home/pkotta/ros2_ws/src/ros-task'
[0.616s] Level 1:colcon.colcon_core.package_identification:_identify(.) by extensions ['ignore', 'ignore_ament_install']
[0.616s] Level 1:colcon.colcon_core.package_identification:_identify(.) by extension 'ignore'
[0.617s] Level 1:colcon.colcon_core.package_identification:_identify(.) by extension 'ignore_ament_install'
[0.617s] Level 1:colcon.colcon_core.package_identification:_identify(.) by extensions ['colcon_pkg']
[0.617s] Level 1:colcon.colcon_core.package_identification:_identify(.) by extension 'colcon_pkg'
[0.617s] Level 1:colcon.colcon_core.package_identification:_identify(.) by extensions ['colcon_meta']
[0.617s] Level 1:colcon.colcon_core.package_identification:_identify(.) by extension 'colcon_meta'
[0.617s] Level 1:colcon.colcon_core.package_identification:_identify(.) by extensions ['ros']
[0.617s] Level 1:colcon.colcon_core.package_identification:_identify(.) by extension 'ros'
[0.633s] Level 1:colcon.colcon_core.package_identification:_identify(.) by extensions ['cmake', 'python']
[0.634s] Level 1:colcon.colcon_core.package_identification:_identify(.) by extension 'cmake'
[0.634s] Level 1:colcon.colcon_core.package_identification:_identify(.) by extension 'python'
[0.634s] Level 1:colcon.colcon_core.package_identification:_identify(.) by extensions ['python_setup_py']
[0.634s] Level 1:colcon.colcon_core.package_identification:_identify(.) by extension 'python_setup_py'
[0.634s] Level 1:colcon.colcon_core.package_identification:_identify(build) by extensions ['ignore', 'ignore_ament_install']
[0.634s] Level 1:colcon.colcon_core.package_identification:_identify(build) by extension 'ignore'
[0.634s] Level 1:colcon.colcon_core.package_identification:_identify(build) ignored
[0.634s] Level 1:colcon.colcon_core.package_identification:_identify(docker) by extensions ['ignore', 'ignore_ament_install']
[0.635s] Level 1:colcon.colcon_core.package_identification:_identify(docker) by extension 'ignore'
[0.635s] Level 1:colcon.colcon_core.package_identification:_identify(docker) by extension 'ignore_ament_install'
[0.635s] Level 1:colcon.colcon_core.package_identification:_identify(docker) by extensions ['colcon_pkg']
[0.635s] Level 1:colcon.colcon_core.package_identification:_identify(docker) by extension 'colcon_pkg'
[0.635s] Level 1:colcon.colcon_core.package_identification:_identify(docker) by extensions ['colcon_meta']
[0.635s] Level 1:colcon.colcon_core.package_identification:_identify(docker) by extension 'colcon_meta'
[0.635s] Level 1:colcon.colcon_core.package_identification:_identify(docker) by extensions ['ros']
[0.635s] Level 1:colcon.colcon_core.package_identification:_identify(docker) by extension 'ros'
[0.635s] Level 1:colcon.colcon_core.package_identification:_identify(docker) by extensions ['cmake', 'python']
[0.635s] Level 1:colcon.colcon_core.package_identification:_identify(docker) by extension 'cmake'
[0.635s] Level 1:colcon.colcon_core.package_identification:_identify(docker) by extension 'python'
[0.635s] Level 1:colcon.colcon_core.package_identification:_identify(docker) by extensions ['python_setup_py']
[0.635s] Level 1:colcon.colcon_core.package_identification:_identify(docker) by extension 'python_setup_py'
[0.635s] Level 1:colcon.colcon_core.package_identification:_identify(install) by extensions ['ignore', 'ignore_ament_install']
[0.635s] Level 1:colcon.colcon_core.package_identification:_identify(install) by extension 'ignore'
[0.635s] Level 1:colcon.colcon_core.package_identification:_identify(install) ignored
[0.636s] Level 1:colcon.colcon_core.package_identification:_identify(log) by extensions ['ignore', 'ignore_ament_install']
[0.636s] Level 1:colcon.colcon_core.package_identification:_identify(log) by extension 'ignore'
[0.636s] Level 1:colcon.colcon_core.package_identification:_identify(log) ignored
[0.636s] Level 1:colcon.colcon_core.package_identification:_identify(scripts) by extensions ['ignore', 'ignore_ament_install']
[0.636s] Level 1:colcon.colcon_core.package_identification:_identify(scripts) by extension 'ignore'
[0.636s] Level 1:colcon.colcon_core.package_identification:_identify(scripts) by extension 'ignore_ament_install'
[0.636s] Level 1:colcon.colcon_core.package_identification:_identify(scripts) by extensions ['colcon_pkg']
[0.636s] Level 1:colcon.colcon_core.package_identification:_identify(scripts) by extension 'colcon_pkg'
[0.636s] Level 1:colcon.colcon_core.package_identification:_identify(scripts) by extensions ['colcon_meta']
[0.636s] Level 1:colcon.colcon_core.package_identification:_identify(scripts) by extension 'colcon_meta'
[0.636s] Level 1:colcon.colcon_core.package_identification:_identify(scripts) by extensions ['ros']
[0.636s] Level 1:colcon.colcon_core.package_identification:_identify(scripts) by extension 'ros'
[0.636s] Level 1:colcon.colcon_core.package_identification:_identify(scripts) by extensions ['cmake', 'python']
[0.636s] Level 1:colcon.colcon_core.package_identification:_identify(scripts) by extension 'cmake'
[0.636s] Level 1:colcon.colcon_core.package_identification:_identify(scripts) by extension 'python'
[0.637s] Level 1:colcon.colcon_core.package_identification:_identify(scripts) by extensions ['python_setup_py']
[0.637s] Level 1:colcon.colcon_core.package_identification:_identify(scripts) by extension 'python_setup_py'
[0.637s] Level 1:colcon.colcon_core.package_identification:_identify(scripts/build) by extensions ['ignore', 'ignore_ament_install']
[0.637s] Level 1:colcon.colcon_core.package_identification:_identify(scripts/build) by extension 'ignore'
[0.637s] Level 1:colcon.colcon_core.package_identification:_identify(scripts/build) by extension 'ignore_ament_install'
[0.637s] Level 1:colcon.colcon_core.package_identification:_identify(scripts/build) by extensions ['colcon_pkg']
[0.637s] Level 1:colcon.colcon_core.package_identification:_identify(scripts/build) by extension 'colcon_pkg'
[0.637s] Level 1:colcon.colcon_core.package_identification:_identify(scripts/build) by extensions ['colcon_meta']
[0.637s] Level 1:colcon.colcon_core.package_identification:_identify(scripts/build) by extension 'colcon_meta'
[0.637s] Level 1:colcon.colcon_core.package_identification:_identify(scripts/build) by extensions ['ros']
[0.637s] Level 1:colcon.colcon_core.package_identification:_identify(scripts/build) by extension 'ros'
[0.637s] Level 1:colcon.colcon_core.package_identification:_identify(scripts/build) by extensions ['cmake', 'python']
[0.637s] Level 1:colcon.colcon_core.package_identification:_identify(scripts/build) by extension 'cmake'
[0.637s] Level 1:colcon.colcon_core.package_identification:_identify(scripts/build) by extension 'python'
[0.637s] Level 1:colcon.colcon_core.package_identification:_identify(scripts/build) by extensions ['python_setup_py']
[0.637s] Level 1:colcon.colcon_core.package_identification:_identify(scripts/build) by extension 'python_setup_py'
[0.637s] Level 1:colcon.colcon_core.package_identification:_identify(scripts/deploy) by extensions ['ignore', 'ignore_ament_install']
[0.637s] Level 1:colcon.colcon_core.package_identification:_identify(scripts/deploy) by extension 'ignore'
[0.638s] Level 1:colcon.colcon_core.package_identification:_identify(scripts/deploy) by extension 'ignore_ament_install'
[0.638s] Level 1:colcon.colcon_core.package_identification:_identify(scripts/deploy) by extensions ['colcon_pkg']
[0.638s] Level 1:colcon.colcon_core.package_identification:_identify(scripts/deploy) by extension 'colcon_pkg'
[0.638s] Level 1:colcon.colcon_core.package_identification:_identify(scripts/deploy) by extensions ['colcon_meta']
[0.638s] Level 1:colcon.colcon_core.package_identification:_identify(scripts/deploy) by extension 'colcon_meta'
[0.638s] Level 1:colcon.colcon_core.package_identification:_identify(scripts/deploy) by extensions ['ros']
[0.638s] Level 1:colcon.colcon_core.package_identification:_identify(scripts/deploy) by extension 'ros'
[0.638s] Level 1:colcon.colcon_core.package_identification:_identify(scripts/deploy) by extensions ['cmake', 'python']
[0.638s] Level 1:colcon.colcon_core.package_identification:_identify(scripts/deploy) by extension 'cmake'
[0.638s] Level 1:colcon.colcon_core.package_identification:_identify(scripts/deploy) by extension 'python'
[0.638s] Level 1:colcon.colcon_core.package_identification:_identify(scripts/deploy) by extensions ['python_setup_py']
[0.638s] Level 1:colcon.colcon_core.package_identification:_identify(scripts/deploy) by extension 'python_setup_py'
[0.638s] Level 1:colcon.colcon_core.package_identification:_identify(scripts/setup) by extensions ['ignore', 'ignore_ament_install']
[0.638s] Level 1:colcon.colcon_core.package_identification:_identify(scripts/setup) by extension 'ignore'
[0.638s] Level 1:colcon.colcon_core.package_identification:_identify(scripts/setup) by extension 'ignore_ament_install'
[0.638s] Level 1:colcon.colcon_core.package_identification:_identify(scripts/setup) by extensions ['colcon_pkg']
[0.638s] Level 1:colcon.colcon_core.package_identification:_identify(scripts/setup) by extension 'colcon_pkg'
[0.638s] Level 1:colcon.colcon_core.package_identification:_identify(scripts/setup) by extensions ['colcon_meta']
[0.638s] Level 1:colcon.colcon_core.package_identification:_identify(scripts/setup) by extension 'colcon_meta'
[0.639s] Level 1:colcon.colcon_core.package_identification:_identify(scripts/setup) by extensions ['ros']
[0.639s] Level 1:colcon.colcon_core.package_identification:_identify(scripts/setup) by extension 'ros'
[0.639s] Level 1:colcon.colcon_core.package_identification:_identify(scripts/setup) by extensions ['cmake', 'python']
[0.639s] Level 1:colcon.colcon_core.package_identification:_identify(scripts/setup) by extension 'cmake'
[0.639s] Level 1:colcon.colcon_core.package_identification:_identify(scripts/setup) by extension 'python'
[0.639s] Level 1:colcon.colcon_core.package_identification:_identify(scripts/setup) by extensions ['python_setup_py']
[0.639s] Level 1:colcon.colcon_core.package_identification:_identify(scripts/setup) by extension 'python_setup_py'
[0.639s] Level 1:colcon.colcon_core.package_identification:_identify(workspace) by extensions ['ignore', 'ignore_ament_install']
[0.639s] Level 1:colcon.colcon_core.package_identification:_identify(workspace) by extension 'ignore'
[0.639s] Level 1:colcon.colcon_core.package_identification:_identify(workspace) by extension 'ignore_ament_install'
[0.639s] Level 1:colcon.colcon_core.package_identification:_identify(workspace) by extensions ['colcon_pkg']
[0.639s] Level 1:colcon.colcon_core.package_identification:_identify(workspace) by extension 'colcon_pkg'
[0.639s] Level 1:colcon.colcon_core.package_identification:_identify(workspace) by extensions ['colcon_meta']
[0.639s] Level 1:colcon.colcon_core.package_identification:_identify(workspace) by extension 'colcon_meta'
[0.639s] Level 1:colcon.colcon_core.package_identification:_identify(workspace) by extensions ['ros']
[0.639s] Level 1:colcon.colcon_core.package_identification:_identify(workspace) by extension 'ros'
[0.639s] Level 1:colcon.colcon_core.package_identification:_identify(workspace) by extensions ['cmake', 'python']
[0.639s] Level 1:colcon.colcon_core.package_identification:_identify(workspace) by extension 'cmake'
[0.640s] Level 1:colcon.colcon_core.package_identification:_identify(workspace) by extension 'python'
[0.640s] Level 1:colcon.colcon_core.package_identification:_identify(workspace) by extensions ['python_setup_py']
[0.640s] Level 1:colcon.colcon_core.package_identification:_identify(workspace) by extension 'python_setup_py'
[0.640s] Level 1:colcon.colcon_core.package_identification:_identify(workspace/build) by extensions ['ignore', 'ignore_ament_install']
[0.640s] Level 1:colcon.colcon_core.package_identification:_identify(workspace/build) by extension 'ignore'
[0.640s] Level 1:colcon.colcon_core.package_identification:_identify(workspace/build) ignored
[0.640s] Level 1:colcon.colcon_core.package_identification:_identify(workspace/install) by extensions ['ignore', 'ignore_ament_install']
[0.640s] Level 1:colcon.colcon_core.package_identification:_identify(workspace/install) by extension 'ignore'
[0.640s] Level 1:colcon.colcon_core.package_identification:_identify(workspace/install) ignored
[0.640s] Level 1:colcon.colcon_core.package_identification:_identify(workspace/limo_control) by extensions ['ignore', 'ignore_ament_install']
[0.640s] Level 1:colcon.colcon_core.package_identification:_identify(workspace/limo_control) by extension 'ignore'
[0.640s] Level 1:colcon.colcon_core.package_identification:_identify(workspace/limo_control) by extension 'ignore_ament_install'
[0.641s] Level 1:colcon.colcon_core.package_identification:_identify(workspace/limo_control) by extensions ['colcon_pkg']
[0.641s] Level 1:colcon.colcon_core.package_identification:_identify(workspace/limo_control) by extension 'colcon_pkg'
[0.641s] Level 1:colcon.colcon_core.package_identification:_identify(workspace/limo_control) by extensions ['colcon_meta']
[0.641s] Level 1:colcon.colcon_core.package_identification:_identify(workspace/limo_control) by extension 'colcon_meta'
[0.641s] Level 1:colcon.colcon_core.package_identification:_identify(workspace/limo_control) by extensions ['ros']
[0.641s] Level 1:colcon.colcon_core.package_identification:_identify(workspace/limo_control) by extension 'ros'
[0.645s] DEBUG:colcon.colcon_core.package_identification:Package 'workspace/limo_control' with type 'ros.ament_cmake' and name 'limo_control'
[0.645s] Level 1:colcon.colcon_core.package_identification:_identify(workspace/limo_simulation) by extensions ['ignore', 'ignore_ament_install']
[0.645s] Level 1:colcon.colcon_core.package_identification:_identify(workspace/limo_simulation) by extension 'ignore'
[0.645s] Level 1:colcon.colcon_core.package_identification:_identify(workspace/limo_simulation) by extension 'ignore_ament_install'
[0.645s] Level 1:colcon.colcon_core.package_identification:_identify(workspace/limo_simulation) by extensions ['colcon_pkg']
[0.646s] Level 1:colcon.colcon_core.package_identification:_identify(workspace/limo_simulation) by extension 'colcon_pkg'
[0.646s] Level 1:colcon.colcon_core.package_identification:_identify(workspace/limo_simulation) by extensions ['colcon_meta']
[0.646s] Level 1:colcon.colcon_core.package_identification:_identify(workspace/limo_simulation) by extension 'colcon_meta'
[0.646s] Level 1:colcon.colcon_core.package_identification:_identify(workspace/limo_simulation) by extensions ['ros']
[0.646s] Level 1:colcon.colcon_core.package_identification:_identify(workspace/limo_simulation) by extension 'ros'
[0.647s] DEBUG:colcon.colcon_core.package_identification:Package 'workspace/limo_simulation' with type 'ros.ament_cmake' and name 'limo_simulation'
[0.647s] Level 1:colcon.colcon_core.package_identification:_identify(workspace/log) by extensions ['ignore', 'ignore_ament_install']
[0.647s] Level 1:colcon.colcon_core.package_identification:_identify(workspace/log) by extension 'ignore'
[0.647s] Level 1:colcon.colcon_core.package_identification:_identify(workspace/log) ignored
[0.647s] Level 1:colcon.colcon_core.package_discovery:discover_packages(recursive) using defaults
[0.647s] Level 1:colcon.colcon_core.package_discovery:discover_packages(ignore) discover
[0.647s] Level 1:colcon.colcon_core.package_discovery:discover_packages(ignore) using defaults
[0.647s] Level 1:colcon.colcon_core.package_discovery:discover_packages(path) discover
[0.647s] Level 1:colcon.colcon_core.package_discovery:discover_packages(path) using defaults
[0.682s] Level 1:colcon.colcon_core.package_discovery:discover_packages(prefix_path) check parameters
[0.682s] Level 1:colcon.colcon_core.package_discovery:discover_packages(prefix_path) discover
[0.686s] DEBUG:colcon.colcon_installed_package_information.package_discovery:Found 307 installed packages in /opt/ros/humble
[0.703s] Level 1:colcon.colcon_core.package_discovery:discover_packages(prefix_path) using defaults
[0.768s] Level 5:colcon.colcon_core.verb:set package 'limo_control' build argument 'cmake_args' from command line to 'None'
[0.768s] Level 5:colcon.colcon_core.verb:set package 'limo_control' build argument 'cmake_target' from command line to 'None'
[0.768s] Level 5:colcon.colcon_core.verb:set package 'limo_control' build argument 'cmake_target_skip_unavailable' from command line to 'False'
[0.768s] Level 5:colcon.colcon_core.verb:set package 'limo_control' build argument 'cmake_clean_cache' from command line to 'False'
[0.768s] Level 5:colcon.colcon_core.verb:set package 'limo_control' build argument 'cmake_clean_first' from command line to 'False'
[0.768s] Level 5:colcon.colcon_core.verb:set package 'limo_control' build argument 'cmake_force_configure' from command line to 'False'
[0.768s] Level 5:colcon.colcon_core.verb:set package 'limo_control' build argument 'ament_cmake_args' from command line to 'None'
[0.768s] Level 5:colcon.colcon_core.verb:set package 'limo_control' build argument 'catkin_cmake_args' from command line to 'None'
[0.768s] Level 5:colcon.colcon_core.verb:set package 'limo_control' build argument 'catkin_skip_building_tests' from command line to 'False'
[0.768s] DEBUG:colcon.colcon_core.verb:Building package 'limo_control' with the following arguments: {'ament_cmake_args': None, 'build_base': '/home/pkotta/ros2_ws/src/ros-task/build/limo_control', 'catkin_cmake_args': None, 'catkin_skip_building_tests': False, 'cmake_args': None, 'cmake_clean_cache': False, 'cmake_clean_first': False, 'cmake_force_configure': False, 'cmake_target': None, 'cmake_target_skip_unavailable': False, 'install_base': '/home/pkotta/ros2_ws/src/ros-task/install/limo_control', 'merge_install': False, 'path': '/home/pkotta/ros2_ws/src/ros-task/workspace/limo_control', 'symlink_install': False, 'test_result_base': None}
[0.768s] Level 5:colcon.colcon_core.verb:set package 'limo_simulation' build argument 'cmake_args' from command line to 'None'
[0.768s] Level 5:colcon.colcon_core.verb:set package 'limo_simulation' build argument 'cmake_target' from command line to 'None'
[0.768s] Level 5:colcon.colcon_core.verb:set package 'limo_simulation' build argument 'cmake_target_skip_unavailable' from command line to 'False'
[0.768s] Level 5:colcon.colcon_core.verb:set package 'limo_simulation' build argument 'cmake_clean_cache' from command line to 'False'
[0.768s] Level 5:colcon.colcon_core.verb:set package 'limo_simulation' build argument 'cmake_clean_first' from command line to 'False'
[0.768s] Level 5:colcon.colcon_core.verb:set package 'limo_simulation' build argument 'cmake_force_configure' from command line to 'False'
[0.768s] Level 5:colcon.colcon_core.verb:set package 'limo_simulation' build argument 'ament_cmake_args' from command line to 'None'
[0.768s] Level 5:colcon.colcon_core.verb:set package 'limo_simulation' build argument 'catkin_cmake_args' from command line to 'None'
[0.769s] Level 5:colcon.colcon_core.verb:set package 'limo_simulation' build argument 'catkin_skip_building_tests' from command line to 'False'
[0.769s] DEBUG:colcon.colcon_core.verb:Building package 'limo_simulation' with the following arguments: {'ament_cmake_args': None, 'build_base': '/home/pkotta/ros2_ws/src/ros-task/build/limo_simulation', 'catkin_cmake_args': None, 'catkin_skip_building_tests': False, 'cmake_args': None, 'cmake_clean_cache': False, 'cmake_clean_first': False, 'cmake_force_configure': False, 'cmake_target': None, 'cmake_target_skip_unavailable': False, 'install_base': '/home/pkotta/ros2_ws/src/ros-task/install/limo_simulation', 'merge_install': False, 'path': '/home/pkotta/ros2_ws/src/ros-task/workspace/limo_simulation', 'symlink_install': False, 'test_result_base': None}
[0.769s] INFO:colcon.colcon_core.executor:Executing jobs using 'parallel' executor
[0.770s] DEBUG:colcon.colcon_parallel_executor.executor.parallel:run_until_complete
[0.770s] INFO:colcon.colcon_ros.task.ament_cmake.build:Building ROS package in '/home/pkotta/ros2_ws/src/ros-task/workspace/limo_control' with build type 'ament_cmake'
[0.770s] INFO:colcon.colcon_cmake.task.cmake.build:Building CMake package in '/home/pkotta/ros2_ws/src/ros-task/workspace/limo_control'
[0.773s] INFO:colcon.colcon_core.plugin_system:Skipping extension 'colcon_core.shell.bat': Not used on non-Windows systems
[0.773s] INFO:colcon.colcon_core.shell:Skip shell extension 'powershell' for command environment: Not usable outside of PowerShell
[0.774s] DEBUG:colcon.colcon_core.shell:Skip shell extension 'dsv' for command environment
[0.777s] INFO:colcon.colcon_ros.task.ament_cmake.build:Building ROS package in '/home/pkotta/ros2_ws/src/ros-task/workspace/limo_simulation' with build type 'ament_cmake'
[0.777s] INFO:colcon.colcon_cmake.task.cmake.build:Building CMake package in '/home/pkotta/ros2_ws/src/ros-task/workspace/limo_simulation'
[0.778s] INFO:colcon.colcon_core.shell:Skip shell extension 'powershell' for command environment: Not usable outside of PowerShell
[0.778s] DEBUG:colcon.colcon_core.shell:Skip shell extension 'dsv' for command environment
[0.794s] DEBUG:colcon.colcon_core.event_handler.log_command:Invoking command in '/home/pkotta/ros2_ws/src/ros-task/build/limo_control': CMAKE_PREFIX_PATH=/opt/ros/humble /usr/bin/cmake --build /home/pkotta/ros2_ws/src/ros-task/build/limo_control -- -j20 -l20
[0.799s] DEBUG:colcon.colcon_core.event_handler.log_command:Invoking command in '/home/pkotta/ros2_ws/src/ros-task/build/limo_simulation': CMAKE_PREFIX_PATH=/opt/ros/humble /usr/bin/cmake --build /home/pkotta/ros2_ws/src/ros-task/build/limo_simulation -- -j20 -l20
[0.834s] DEBUG:colcon.colcon_core.event_handler.log_command:Invoked command in '/home/pkotta/ros2_ws/src/ros-task/build/limo_simulation' returned '0': CMAKE_PREFIX_PATH=/opt/ros/humble /usr/bin/cmake --build /home/pkotta/ros2_ws/src/ros-task/build/limo_simulation -- -j20 -l20
[0.849s] DEBUG:colcon.colcon_core.event_handler.log_command:Invoking command in '/home/pkotta/ros2_ws/src/ros-task/build/limo_simulation': CMAKE_PREFIX_PATH=/opt/ros/humble /usr/bin/cmake --install /home/pkotta/ros2_ws/src/ros-task/build/limo_simulation
[0.864s] Level 1:colcon.colcon_core.environment:create_environment_scripts_only(limo_simulation)
[0.865s] DEBUG:colcon.colcon_core.event_handler.log_command:Invoked command in '/home/pkotta/ros2_ws/src/ros-task/build/limo_simulation' returned '0': CMAKE_PREFIX_PATH=/opt/ros/humble /usr/bin/cmake --install /home/pkotta/ros2_ws/src/ros-task/build/limo_simulation
[0.867s] Level 1:colcon.colcon_core.environment:checking '/home/pkotta/ros2_ws/src/ros-task/install/limo_simulation' for CMake module files
[0.868s] Level 1:colcon.colcon_core.environment:checking '/home/pkotta/ros2_ws/src/ros-task/install/limo_simulation' for CMake config files
[0.868s] Level 1:colcon.colcon_core.shell:create_environment_hook('limo_simulation', 'cmake_prefix_path')
[0.868s] INFO:colcon.colcon_core.shell:Creating environment hook '/home/pkotta/ros2_ws/src/ros-task/install/limo_simulation/share/limo_simulation/hook/cmake_prefix_path.ps1'
[0.869s] INFO:colcon.colcon_core.shell:Creating environment descriptor '/home/pkotta/ros2_ws/src/ros-task/install/limo_simulation/share/limo_simulation/hook/cmake_prefix_path.dsv'
[0.869s] INFO:colcon.colcon_core.shell:Creating environment hook '/home/pkotta/ros2_ws/src/ros-task/install/limo_simulation/share/limo_simulation/hook/cmake_prefix_path.sh'
[0.870s] Level 1:colcon.colcon_core.environment:checking '/home/pkotta/ros2_ws/src/ros-task/install/limo_simulation/bin'
[0.870s] Level 1:colcon.colcon_core.environment:checking '/home/pkotta/ros2_ws/src/ros-task/install/limo_simulation/lib/pkgconfig/limo_simulation.pc'
[0.871s] Level 1:colcon.colcon_core.environment:checking '/home/pkotta/ros2_ws/src/ros-task/install/limo_simulation/lib/python3.10/site-packages'
[0.871s] Level 1:colcon.colcon_core.environment:checking '/home/pkotta/ros2_ws/src/ros-task/install/limo_simulation/bin'
[0.871s] INFO:colcon.colcon_core.shell:Creating package script '/home/pkotta/ros2_ws/src/ros-task/install/limo_simulation/share/limo_simulation/package.ps1'
[0.872s] INFO:colcon.colcon_core.shell:Creating package descriptor '/home/pkotta/ros2_ws/src/ros-task/install/limo_simulation/share/limo_simulation/package.dsv'
[0.873s] INFO:colcon.colcon_core.shell:Creating package script '/home/pkotta/ros2_ws/src/ros-task/install/limo_simulation/share/limo_simulation/package.sh'
[0.874s] INFO:colcon.colcon_core.shell:Creating package script '/home/pkotta/ros2_ws/src/ros-task/install/limo_simulation/share/limo_simulation/package.bash'
[0.875s] INFO:colcon.colcon_core.shell:Creating package script '/home/pkotta/ros2_ws/src/ros-task/install/limo_simulation/share/limo_simulation/package.zsh'
[0.876s] Level 1:colcon.colcon_core.environment:create_file_with_runtime_dependencies(/home/pkotta/ros2_ws/src/ros-task/install/limo_simulation/share/colcon-core/packages/limo_simulation)
[0.876s] Level 1:colcon.colcon_core.environment:create_environment_scripts_only(limo_simulation)
[0.877s] Level 1:colcon.colcon_core.environment:checking '/home/pkotta/ros2_ws/src/ros-task/install/limo_simulation' for CMake module files
[0.877s] Level 1:colcon.colcon_core.environment:checking '/home/pkotta/ros2_ws/src/ros-task/install/limo_simulation' for CMake config files
[0.877s] Level 1:colcon.colcon_core.shell:create_environment_hook('limo_simulation', 'cmake_prefix_path')
[0.877s] INFO:colcon.colcon_core.shell:Creating environment hook '/home/pkotta/ros2_ws/src/ros-task/install/limo_simulation/share/limo_simulation/hook/cmake_prefix_path.ps1'
[0.878s] INFO:colcon.colcon_core.shell:Creating environment descriptor '/home/pkotta/ros2_ws/src/ros-task/install/limo_simulation/share/limo_simulation/hook/cmake_prefix_path.dsv'
[0.878s] INFO:colcon.colcon_core.shell:Creating environment hook '/home/pkotta/ros2_ws/src/ros-task/install/limo_simulation/share/limo_simulation/hook/cmake_prefix_path.sh'
[0.879s] Level 1:colcon.colcon_core.environment:checking '/home/pkotta/ros2_ws/src/ros-task/install/limo_simulation/bin'
[0.879s] Level 1:colcon.colcon_core.environment:checking '/home/pkotta/ros2_ws/src/ros-task/install/limo_simulation/lib/pkgconfig/limo_simulation.pc'
[0.879s] Level 1:colcon.colcon_core.environment:checking '/home/pkotta/ros2_ws/src/ros-task/install/limo_simulation/lib/python3.10/site-packages'
[0.879s] Level 1:colcon.colcon_core.environment:checking '/home/pkotta/ros2_ws/src/ros-task/install/limo_simulation/bin'
[0.880s] INFO:colcon.colcon_core.shell:Creating package script '/home/pkotta/ros2_ws/src/ros-task/install/limo_simulation/share/limo_simulation/package.ps1'
[0.880s] INFO:colcon.colcon_core.shell:Creating package descriptor '/home/pkotta/ros2_ws/src/ros-task/install/limo_simulation/share/limo_simulation/package.dsv'
[0.880s] INFO:colcon.colcon_core.shell:Creating package script '/home/pkotta/ros2_ws/src/ros-task/install/limo_simulation/share/limo_simulation/package.sh'
[0.881s] INFO:colcon.colcon_core.shell:Creating package script '/home/pkotta/ros2_ws/src/ros-task/install/limo_simulation/share/limo_simulation/package.bash'
[0.881s] INFO:colcon.colcon_core.shell:Creating package script '/home/pkotta/ros2_ws/src/ros-task/install/limo_simulation/share/limo_simulation/package.zsh'
[0.882s] Level 1:colcon.colcon_core.environment:create_file_with_runtime_dependencies(/home/pkotta/ros2_ws/src/ros-task/install/limo_simulation/share/colcon-core/packages/limo_simulation)
[11.486s] DEBUG:colcon.colcon_core.event_handler.log_command:Invoked command in '/home/pkotta/ros2_ws/src/ros-task/build/limo_control' returned '0': CMAKE_PREFIX_PATH=/opt/ros/humble /usr/bin/cmake --build /home/pkotta/ros2_ws/src/ros-task/build/limo_control -- -j20 -l20
[11.487s] DEBUG:colcon.colcon_core.event_handler.log_command:Invoking command in '/home/pkotta/ros2_ws/src/ros-task/build/limo_control': CMAKE_PREFIX_PATH=/opt/ros/humble /usr/bin/cmake --install /home/pkotta/ros2_ws/src/ros-task/build/limo_control
[11.508s] Level 1:colcon.colcon_core.environment:create_environment_scripts_only(limo_control)
[11.508s] DEBUG:colcon.colcon_core.event_handler.log_command:Invoked command in '/home/pkotta/ros2_ws/src/ros-task/build/limo_control' returned '0': CMAKE_PREFIX_PATH=/opt/ros/humble /usr/bin/cmake --install /home/pkotta/ros2_ws/src/ros-task/build/limo_control
[11.508s] Level 1:colcon.colcon_core.environment:checking '/home/pkotta/ros2_ws/src/ros-task/install/limo_control' for CMake module files
[11.509s] Level 1:colcon.colcon_core.environment:checking '/home/pkotta/ros2_ws/src/ros-task/install/limo_control' for CMake config files
[11.509s] Level 1:colcon.colcon_core.shell:create_environment_hook('limo_control', 'cmake_prefix_path')
[11.510s] INFO:colcon.colcon_core.shell:Creating environment hook '/home/pkotta/ros2_ws/src/ros-task/install/limo_control/share/limo_control/hook/cmake_prefix_path.ps1'
[11.510s] INFO:colcon.colcon_core.shell:Creating environment descriptor '/home/pkotta/ros2_ws/src/ros-task/install/limo_control/share/limo_control/hook/cmake_prefix_path.dsv'
[11.511s] INFO:colcon.colcon_core.shell:Creating environment hook '/home/pkotta/ros2_ws/src/ros-task/install/limo_control/share/limo_control/hook/cmake_prefix_path.sh'
[11.511s] Level 1:colcon.colcon_core.environment:checking '/home/pkotta/ros2_ws/src/ros-task/install/limo_control/lib'
[11.511s] Level 1:colcon.colcon_core.environment:checking '/home/pkotta/ros2_ws/src/ros-task/install/limo_control/bin'
[11.511s] Level 1:colcon.colcon_core.environment:checking '/home/pkotta/ros2_ws/src/ros-task/install/limo_control/lib/pkgconfig/limo_control.pc'
[11.512s] Level 1:colcon.colcon_core.environment:checking '/home/pkotta/ros2_ws/src/ros-task/install/limo_control/lib/python3.10/site-packages'
[11.512s] Level 1:colcon.colcon_core.environment:checking '/home/pkotta/ros2_ws/src/ros-task/install/limo_control/bin'
[11.512s] INFO:colcon.colcon_core.shell:Creating package script '/home/pkotta/ros2_ws/src/ros-task/install/limo_control/share/limo_control/package.ps1'
[11.513s] INFO:colcon.colcon_core.shell:Creating package descriptor '/home/pkotta/ros2_ws/src/ros-task/install/limo_control/share/limo_control/package.dsv'
[11.513s] INFO:colcon.colcon_core.shell:Creating package script '/home/pkotta/ros2_ws/src/ros-task/install/limo_control/share/limo_control/package.sh'
[11.513s] INFO:colcon.colcon_core.shell:Creating package script '/home/pkotta/ros2_ws/src/ros-task/install/limo_control/share/limo_control/package.bash'
[11.514s] INFO:colcon.colcon_core.shell:Creating package script '/home/pkotta/ros2_ws/src/ros-task/install/limo_control/share/limo_control/package.zsh'
[11.514s] Level 1:colcon.colcon_core.environment:create_file_with_runtime_dependencies(/home/pkotta/ros2_ws/src/ros-task/install/limo_control/share/colcon-core/packages/limo_control)
[11.515s] Level 1:colcon.colcon_core.environment:create_environment_scripts_only(limo_control)
[11.515s] Level 1:colcon.colcon_core.environment:checking '/home/pkotta/ros2_ws/src/ros-task/install/limo_control' for CMake module files
[11.515s] Level 1:colcon.colcon_core.environment:checking '/home/pkotta/ros2_ws/src/ros-task/install/limo_control' for CMake config files
[11.515s] Level 1:colcon.colcon_core.shell:create_environment_hook('limo_control', 'cmake_prefix_path')
[11.516s] INFO:colcon.colcon_core.shell:Creating environment hook '/home/pkotta/ros2_ws/src/ros-task/install/limo_control/share/limo_control/hook/cmake_prefix_path.ps1'
[11.516s] INFO:colcon.colcon_core.shell:Creating environment descriptor '/home/pkotta/ros2_ws/src/ros-task/install/limo_control/share/limo_control/hook/cmake_prefix_path.dsv'
[11.516s] INFO:colcon.colcon_core.shell:Creating environment hook '/home/pkotta/ros2_ws/src/ros-task/install/limo_control/share/limo_control/hook/cmake_prefix_path.sh'
[11.517s] Level 1:colcon.colcon_core.environment:checking '/home/pkotta/ros2_ws/src/ros-task/install/limo_control/lib'
[11.517s] Level 1:colcon.colcon_core.environment:checking '/home/pkotta/ros2_ws/src/ros-task/install/limo_control/bin'
[11.517s] Level 1:colcon.colcon_core.environment:checking '/home/pkotta/ros2_ws/src/ros-task/install/limo_control/lib/pkgconfig/limo_control.pc'
[11.518s] Level 1:colcon.colcon_core.environment:checking '/home/pkotta/ros2_ws/src/ros-task/install/limo_control/lib/python3.10/site-packages'
[11.518s] Level 1:colcon.colcon_core.environment:checking '/home/pkotta/ros2_ws/src/ros-task/install/limo_control/bin'
[11.518s] INFO:colcon.colcon_core.shell:Creating package script '/home/pkotta/ros2_ws/src/ros-task/install/limo_control/share/limo_control/package.ps1'
[11.519s] INFO:colcon.colcon_core.shell:Creating package descriptor '/home/pkotta/ros2_ws/src/ros-task/install/limo_control/share/limo_control/package.dsv'
[11.519s] INFO:colcon.colcon_core.shell:Creating package script '/home/pkotta/ros2_ws/src/ros-task/install/limo_control/share/limo_control/package.sh'
[11.519s] INFO:colcon.colcon_core.shell:Creating package script '/home/pkotta/ros2_ws/src/ros-task/install/limo_control/share/limo_control/package.bash'
[11.520s] INFO:colcon.colcon_core.shell:Creating package script '/home/pkotta/ros2_ws/src/ros-task/install/limo_control/share/limo_control/package.zsh'
[11.520s] Level 1:colcon.colcon_core.environment:create_file_with_runtime_dependencies(/home/pkotta/ros2_ws/src/ros-task/install/limo_control/share/colcon-core/packages/limo_control)
[11.521s] DEBUG:colcon.colcon_parallel_executor.executor.parallel:closing loop
[11.521s] DEBUG:colcon.colcon_parallel_executor.executor.parallel:loop closed
[11.521s] DEBUG:colcon.colcon_parallel_executor.executor.parallel:run_until_complete finished with '0'
[11.522s] DEBUG:colcon.colcon_core.event_reactor:joining thread
[11.626s] INFO:colcon.colcon_core.plugin_system:Skipping extension 'colcon_notification.desktop_notification.notify_send': Could not find 'notify-send'
[11.626s] INFO:colcon.colcon_core.plugin_system:Skipping extension 'colcon_notification.desktop_notification.terminal_notifier': Not used on non-Darwin systems
[11.626s] INFO:colcon.colcon_core.plugin_system:Skipping extension 'colcon_notification.desktop_notification.win32': Not used on non-Windows systems
[11.626s] INFO:colcon.colcon_notification.desktop_notification:Sending desktop notification using 'notify2'
[11.626s] DEBUG:colcon.colcon_notification.desktop_notification.notify2:Failed to initialize notify2: org.freedesktop.DBus.Error.FileNotFound: Failed to connect to socket /run/user/1000/bus: No such file or directory
[11.626s] DEBUG:colcon.colcon_core.event_reactor:joined thread
[11.627s] INFO:colcon.colcon_core.shell:Creating prefix script '/home/pkotta/ros2_ws/src/ros-task/install/local_setup.ps1'
[11.628s] INFO:colcon.colcon_core.shell:Creating prefix util module '/home/pkotta/ros2_ws/src/ros-task/install/_local_setup_util_ps1.py'
[11.629s] INFO:colcon.colcon_core.shell:Creating prefix chain script '/home/pkotta/ros2_ws/src/ros-task/install/setup.ps1'
[11.630s] INFO:colcon.colcon_core.shell:Creating prefix script '/home/pkotta/ros2_ws/src/ros-task/install/local_setup.sh'
[11.630s] INFO:colcon.colcon_core.shell:Creating prefix util module '/home/pkotta/ros2_ws/src/ros-task/install/_local_setup_util_sh.py'
[11.631s] INFO:colcon.colcon_core.shell:Creating prefix chain script '/home/pkotta/ros2_ws/src/ros-task/install/setup.sh'
[11.632s] INFO:colcon.colcon_core.shell:Creating prefix script '/home/pkotta/ros2_ws/src/ros-task/install/local_setup.bash'
[11.632s] INFO:colcon.colcon_core.shell:Creating prefix chain script '/home/pkotta/ros2_ws/src/ros-task/install/setup.bash'
[11.633s] INFO:colcon.colcon_core.shell:Creating prefix script '/home/pkotta/ros2_ws/src/ros-task/install/local_setup.zsh'
[11.634s] INFO:colcon.colcon_core.shell:Creating prefix chain script '/home/pkotta/ros2_ws/src/ros-task/install/setup.zsh'
