[0.015s] Invoking command in '/home/pkotta/ros2_ws/src/ros-task/build/limo_control': CMAKE_PREFIX_PATH=/opt/ros/humble /usr/bin/cmake --build /home/pkotta/ros2_ws/src/ros-task/build/limo_control -- -j20 -l20
[0.057s] [35m[1mConsolidate compiler generated dependencies of target limo_control[0m
[0.075s] [ 50%] [32mBuilding CXX object CMakeFiles/limo_control.dir/limo_controller.cpp.o[0m
[11.245s] [100%] [32m[1mLinking CXX executable limo_control[0m
[11.855s] [100%] Built target limo_control
[11.867s] Invoked command in '/home/pkotta/ros2_ws/src/ros-task/build/limo_control' returned '0': CMAKE_PREFIX_PATH=/opt/ros/humble /usr/bin/cmake --build /home/pkotta/ros2_ws/src/ros-task/build/limo_control -- -j20 -l20
[11.871s] Invoking command in '/home/pkotta/ros2_ws/src/ros-task/build/limo_control': CMAKE_PREFIX_PATH=/opt/ros/humble /usr/bin/cmake --install /home/pkotta/ros2_ws/src/ros-task/build/limo_control
[11.875s] -- Install configuration: ""
[11.877s] -- Installing: /home/pkotta/ros2_ws/src/ros-task/install/limo_control/lib/limo_control/limo_control
[11.887s] -- Set runtime path of "/home/pkotta/ros2_ws/src/ros-task/install/limo_control/lib/limo_control/limo_control" to ""
[11.888s] -- Up-to-date: /home/pkotta/ros2_ws/src/ros-task/install/limo_control/share/limo_control/launch
[11.889s] -- Up-to-date: /home/pkotta/ros2_ws/src/ros-task/install/limo_control/share/limo_control/launch/launch_for_controller.py
[11.889s] -- Up-to-date: /home/pkotta/ros2_ws/src/ros-task/install/limo_control/share/ament_index/resource_index/package_run_dependencies/limo_control
[11.889s] -- Up-to-date: /home/pkotta/ros2_ws/src/ros-task/install/limo_control/share/ament_index/resource_index/parent_prefix_path/limo_control
[11.889s] -- Up-to-date: /home/pkotta/ros2_ws/src/ros-task/install/limo_control/share/limo_control/environment/ament_prefix_path.sh
[11.889s] -- Up-to-date: /home/pkotta/ros2_ws/src/ros-task/install/limo_control/share/limo_control/environment/ament_prefix_path.dsv
[11.889s] -- Up-to-date: /home/pkotta/ros2_ws/src/ros-task/install/limo_control/share/limo_control/environment/path.sh
[11.889s] -- Up-to-date: /home/pkotta/ros2_ws/src/ros-task/install/limo_control/share/limo_control/environment/path.dsv
[11.889s] -- Up-to-date: /home/pkotta/ros2_ws/src/ros-task/install/limo_control/share/limo_control/local_setup.bash
[11.889s] -- Up-to-date: /home/pkotta/ros2_ws/src/ros-task/install/limo_control/share/limo_control/local_setup.sh
[11.889s] -- Up-to-date: /home/pkotta/ros2_ws/src/ros-task/install/limo_control/share/limo_control/local_setup.zsh
[11.889s] -- Up-to-date: /home/pkotta/ros2_ws/src/ros-task/install/limo_control/share/limo_control/local_setup.dsv
[11.889s] -- Installing: /home/pkotta/ros2_ws/src/ros-task/install/limo_control/share/limo_control/package.dsv
[11.890s] -- Up-to-date: /home/pkotta/ros2_ws/src/ros-task/install/limo_control/share/ament_index/resource_index/packages/limo_control
[11.890s] -- Up-to-date: /home/pkotta/ros2_ws/src/ros-task/install/limo_control/share/limo_control/cmake/limo_controlConfig.cmake
[11.890s] -- Up-to-date: /home/pkotta/ros2_ws/src/ros-task/install/limo_control/share/limo_control/cmake/limo_controlConfig-version.cmake
[11.890s] -- Up-to-date: /home/pkotta/ros2_ws/src/ros-task/install/limo_control/share/limo_control/package.xml
[11.892s] Invoked command in '/home/pkotta/ros2_ws/src/ros-task/build/limo_control' returned '0': CMAKE_PREFIX_PATH=/opt/ros/humble /usr/bin/cmake --install /home/pkotta/ros2_ws/src/ros-task/build/limo_control
